Using pre-set license

 COMMAND LINE ARGUMENTS:
/Applications/Unity/2020.3.11f1/Unity.app/Contents/MacOS/Unity
-adb2
-batchMode
-noUpm
-name
AssetImportWorker1
-projectPath
/Users/hanna/Code/Games/Unity/IslandExplorer
-logFile
Logs/AssetImportWorker1.log
-srvPort
62174
Successfully changed project path to: /Users/hanna/Code/Games/Unity/IslandExplorer
/Users/hanna/Code/Games/Unity/IslandExplorer
Using Asset Import Pipeline V2.
Refreshing native plugins compatible for Editor in 79.22 ms, found 3 plugins.
Preloading 0 native plugins for Editor in 0.00 ms.
Initialize engine version: 2020.3.11f1 (99c7afb366b3)
[Subsystems] Discovering subsystems at path /Applications/Unity/2020.3.11f1/Unity.app/Contents/Resources/UnitySubsystems
[Subsystems] Discovering subsystems at path /Users/hanna/Code/Games/Unity/IslandExplorer/Assets
GfxDevice: creating device client; threaded=0
2021-09-27 19:47:35.297 Unity[35508:1821619] (null) preferred device: Apple M1 (high power)
2021-09-27 19:47:35.297 Unity[35508:1821619] Metal devices available: 1
2021-09-27 19:47:35.297 Unity[35508:1821619] 0: Apple M1 (high power)
2021-09-27 19:47:35.297 Unity[35508:1821619] Using device Apple M1 (high power)
Initializing Metal device caps: Apple M1
Initialize mono
Mono path[0] = '/Applications/Unity/2020.3.11f1/Unity.app/Contents/Managed'
Mono path[1] = '/Applications/Unity/2020.3.11f1/Unity.app/Contents/MonoBleedingEdge/lib/mono/unityjit'
Mono config path = '/Applications/Unity/2020.3.11f1/Unity.app/Contents/MonoBleedingEdge/etc'
Using monoOptions --debugger-agent=transport=dt_socket,embedding=1,server=y,suspend=n,address=127.0.0.1:56508
Begin MonoManager ReloadAssembly
Registering precompiled unity dll's ...
Register platform support module: /Applications/Unity/2020.3.11f1/Unity.app/Contents/PlaybackEngines/MacStandaloneSupport/UnityEditor.OSXStandalone.Extensions.dll
Register platform support module: /Applications/Unity/2020.3.11f1/PlaybackEngines/WindowsStandaloneSupport/UnityEditor.WindowsStandalone.Extensions.dll
Registered in 0.002105 seconds.
Native extension for WindowsStandalone target not found
Native extension for OSXStandalone target not found
Refreshing native plugins compatible for Editor in 72.10 ms, found 3 plugins.
Preloading 0 native plugins for Editor in 0.00 ms.
Mono: successfully reloaded assembly
- Completed reload, in  2.155 seconds
Platform modules already initialized, skipping
Registering precompiled user dll's ...
Registered in 0.004333 seconds.
Begin MonoManager ReloadAssembly
Native extension for WindowsStandalone target not found
Native extension for OSXStandalone target not found
Refreshing native plugins compatible for Editor in 83.87 ms, found 3 plugins.
Preloading 0 native plugins for Editor in 0.00 ms.
Mono: successfully reloaded assembly
- Completed reload, in  2.204 seconds
Platform modules already initialized, skipping
========================================================================
Worker process is ready to serve import requests
Launching external process: /Applications/Unity/2020.3.11f1/Unity.app/Contents/Tools/UnityShaderCompiler
Launched and connected shader compiler UnityShaderCompiler after 0.02 seconds
Refreshing native plugins compatible for Editor in 1.00 ms, found 3 plugins.
Preloading 0 native plugins for Editor in 0.00 ms.
Unloading 2080 Unused Serialized files (Serialized files now loaded: 0)
System memory in use before: 180.7 MB.
System memory in use after: 180.8 MB.

Unloading 38 unused Assets to reduce memory usage. Loaded Objects now: 2511.
Total: 1.775667 ms (FindLiveObjects: 0.148792 ms CreateObjectMapping: 0.039917 ms MarkObjects: 1.520125 ms  DeleteObjects: 0.066125 ms)

========================================================================
Received Import Request.
  path: Assets/Scenes/02_Tutorial.unity
  artifactKey: Guid(471aeb97a921241c595833db0bfe3406) Importer(815301076,1909f56bfc062723c751e8b465ee728b)
Start importing Assets/Scenes/02_Tutorial.unity using Guid(471aeb97a921241c595833db0bfe3406) Importer(815301076,1909f56bfc062723c751e8b465ee728b)  -> (artifact id: '5a7f68a096971356286149261a56ba77') in 0.016120 seconds
  Import took 0.018771 seconds .

========================================================================
Received Import Request.
  Time since last request: 92.566280 seconds.
  path: Assets/Scripts/Tutorial
  artifactKey: Guid(0678ef8c23e294e8b99e44e943905321) Importer(815301076,1909f56bfc062723c751e8b465ee728b)
Start importing Assets/Scripts/Tutorial using Guid(0678ef8c23e294e8b99e44e943905321) Importer(815301076,1909f56bfc062723c751e8b465ee728b)  -> (artifact id: '77294203e952ce5669e6f7b299b01537') in 0.000960 seconds
  Import took 0.004599 seconds .

========================================================================
Received Prepare
Registering precompiled user dll's ...
Registered in 0.008142 seconds.
Begin MonoManager ReloadAssembly
Native extension for WindowsStandalone target not found
Native extension for OSXStandalone target not found
Refreshing native plugins compatible for Editor in 1.20 ms, found 3 plugins.
Preloading 0 native plugins for Editor in 0.00 ms.
Mono: successfully reloaded assembly
- Completed reload, in  2.114 seconds
Platform modules already initialized, skipping
Refreshing native plugins compatible for Editor in 1.02 ms, found 3 plugins.
Preloading 0 native plugins for Editor in 0.00 ms.
Unloading 2058 Unused Serialized files (Serialized files now loaded: 0)
System memory in use before: 179.0 MB.
System memory in use after: 179.2 MB.

Unloading 26 unused Assets to reduce memory usage. Loaded Objects now: 2516.
Total: 1.877209 ms (FindLiveObjects: 0.230667 ms CreateObjectMapping: 0.043791 ms MarkObjects: 1.573667 ms  DeleteObjects: 0.027833 ms)

========================================================================
Received Import Request.
  Time since last request: 12.689653 seconds.
  path: Assets/Scripts/Tutorial/TutorialSounds.cs
  artifactKey: Guid(af5b9344fe30e4c0693cdb6074ccec48) Importer(815301076,1909f56bfc062723c751e8b465ee728b)
Start importing Assets/Scripts/Tutorial/TutorialSounds.cs using Guid(af5b9344fe30e4c0693cdb6074ccec48) Importer(815301076,1909f56bfc062723c751e8b465ee728b)  -> (artifact id: 'f3c79b526836057cfbb26e5225190748') in 0.282287 seconds
  Import took 0.285086 seconds .

========================================================================
Received Prepare
Registering precompiled user dll's ...
Registered in 0.005487 seconds.
Begin MonoManager ReloadAssembly
Native extension for WindowsStandalone target not found
Native extension for OSXStandalone target not found
Refreshing native plugins compatible for Editor in 1.19 ms, found 3 plugins.
Preloading 0 native plugins for Editor in 0.00 ms.
Mono: successfully reloaded assembly
- Completed reload, in  2.482 seconds
Platform modules already initialized, skipping
Refreshing native plugins compatible for Editor in 1.11 ms, found 3 plugins.
Preloading 0 native plugins for Editor in 0.00 ms.
Unloading 2058 Unused Serialized files (Serialized files now loaded: 0)
System memory in use before: 183.6 MB.
System memory in use after: 183.7 MB.

Unloading 26 unused Assets to reduce memory usage. Loaded Objects now: 2520.
Total: 1.604042 ms (FindLiveObjects: 0.153500 ms CreateObjectMapping: 0.042084 ms MarkObjects: 1.384959 ms  DeleteObjects: 0.022458 ms)

========================================================================
Received Import Request.
  Time since last request: 168.431120 seconds.
  path: Assets/Scripts/Tutorial/TutorialSounds.cs
  artifactKey: Guid(af5b9344fe30e4c0693cdb6074ccec48) Importer(815301076,1909f56bfc062723c751e8b465ee728b)
Start importing Assets/Scripts/Tutorial/TutorialSounds.cs using Guid(af5b9344fe30e4c0693cdb6074ccec48) Importer(815301076,1909f56bfc062723c751e8b465ee728b)  -> (artifact id: 'a6bc1a3751c28e9045d2302a166af32d') in 0.021644 seconds
  Import took 0.028651 seconds .

========================================================================
Received Import Request.
  Time since last request: 0.247677 seconds.
  path: Assets/Scripts/Tutorial/TutorialSounds.cs
  artifactKey: Guid(af5b9344fe30e4c0693cdb6074ccec48) Importer(815301076,1909f56bfc062723c751e8b465ee728b)
Start importing Assets/Scripts/Tutorial/TutorialSounds.cs using Guid(af5b9344fe30e4c0693cdb6074ccec48) Importer(815301076,1909f56bfc062723c751e8b465ee728b)  -> (artifact id: 'a6bc1a3751c28e9045d2302a166af32d') in 0.002157 seconds
  Import took 0.005527 seconds .

========================================================================
Received Prepare
Registering precompiled user dll's ...
Registered in 0.004704 seconds.
Begin MonoManager ReloadAssembly
Native extension for WindowsStandalone target not found
Native extension for OSXStandalone target not found
Refreshing native plugins compatible for Editor in 0.91 ms, found 3 plugins.
Preloading 0 native plugins for Editor in 0.00 ms.
Mono: successfully reloaded assembly
- Completed reload, in  2.137 seconds
Platform modules already initialized, skipping
Refreshing native plugins compatible for Editor in 1.00 ms, found 3 plugins.
Preloading 0 native plugins for Editor in 0.00 ms.
Unloading 2058 Unused Serialized files (Serialized files now loaded: 0)
System memory in use before: 183.8 MB.
System memory in use after: 184.0 MB.

Unloading 26 unused Assets to reduce memory usage. Loaded Objects now: 2524.
Total: 1.893250 ms (FindLiveObjects: 0.246125 ms CreateObjectMapping: 0.041875 ms MarkObjects: 1.572250 ms  DeleteObjects: 0.031417 ms)

========================================================================
Received Import Request.
  Time since last request: 40.559939 seconds.
  path: Assets/Scripts/Tutorial/TutorialSounds.cs
  artifactKey: Guid(af5b9344fe30e4c0693cdb6074ccec48) Importer(815301076,1909f56bfc062723c751e8b465ee728b)
Start importing Assets/Scripts/Tutorial/TutorialSounds.cs using Guid(af5b9344fe30e4c0693cdb6074ccec48) Importer(815301076,1909f56bfc062723c751e8b465ee728b)  -> (artifact id: '1e1aa95fd29e90b279532279f1bd9d1b') in 0.007663 seconds
  Import took 0.010811 seconds .

========================================================================
Received Prepare
Registering precompiled user dll's ...
Registered in 0.004831 seconds.
Begin MonoManager ReloadAssembly
Native extension for WindowsStandalone target not found
Native extension for OSXStandalone target not found
Refreshing native plugins compatible for Editor in 0.90 ms, found 3 plugins.
Preloading 0 native plugins for Editor in 0.00 ms.
Mono: successfully reloaded assembly
- Completed reload, in  2.084 seconds
Platform modules already initialized, skipping
Refreshing native plugins compatible for Editor in 0.81 ms, found 3 plugins.
Preloading 0 native plugins for Editor in 0.00 ms.
Unloading 2058 Unused Serialized files (Serialized files now loaded: 0)
System memory in use before: 184.1 MB.
System memory in use after: 184.2 MB.

Unloading 26 unused Assets to reduce memory usage. Loaded Objects now: 2528.
Total: 1.402500 ms (FindLiveObjects: 0.099625 ms CreateObjectMapping: 0.038917 ms MarkObjects: 1.248917 ms  DeleteObjects: 0.014416 ms)

========================================================================
Received Import Request.
  Time since last request: 26.069869 seconds.
  path: Assets/Scripts/Tutorial/TutorialSounds.cs
  artifactKey: Guid(af5b9344fe30e4c0693cdb6074ccec48) Importer(815301076,1909f56bfc062723c751e8b465ee728b)
Start importing Assets/Scripts/Tutorial/TutorialSounds.cs using Guid(af5b9344fe30e4c0693cdb6074ccec48) Importer(815301076,1909f56bfc062723c751e8b465ee728b)  -> (artifact id: '406144e5ef388fab1bf255d17270c1b5') in 0.011772 seconds
  Import took 0.014512 seconds .

========================================================================
Received Prepare
Registering precompiled user dll's ...
Registered in 0.004824 seconds.
Begin MonoManager ReloadAssembly
Native extension for WindowsStandalone target not found
Native extension for OSXStandalone target not found
Refreshing native plugins compatible for Editor in 0.91 ms, found 3 plugins.
Preloading 0 native plugins for Editor in 0.00 ms.
Mono: successfully reloaded assembly
- Completed reload, in  2.159 seconds
Platform modules already initialized, skipping
Refreshing native plugins compatible for Editor in 0.93 ms, found 3 plugins.
Preloading 0 native plugins for Editor in 0.00 ms.
Unloading 2058 Unused Serialized files (Serialized files now loaded: 0)
System memory in use before: 184.3 MB.
System memory in use after: 184.4 MB.

Unloading 26 unused Assets to reduce memory usage. Loaded Objects now: 2532.
Total: 1.518709 ms (FindLiveObjects: 0.116833 ms CreateObjectMapping: 0.040958 ms MarkObjects: 1.340250 ms  DeleteObjects: 0.019875 ms)

========================================================================
Received Prepare
Registering precompiled user dll's ...
Registered in 0.004115 seconds.
Begin MonoManager ReloadAssembly
Native extension for WindowsStandalone target not found
Native extension for OSXStandalone target not found
Refreshing native plugins compatible for Editor in 0.90 ms, found 3 plugins.
Preloading 0 native plugins for Editor in 0.00 ms.
Mono: successfully reloaded assembly
- Completed reload, in  2.098 seconds
Platform modules already initialized, skipping
Refreshing native plugins compatible for Editor in 0.83 ms, found 3 plugins.
Preloading 0 native plugins for Editor in 0.00 ms.
Unloading 2058 Unused Serialized files (Serialized files now loaded: 0)
System memory in use before: 184.5 MB.
System memory in use after: 184.7 MB.

Unloading 26 unused Assets to reduce memory usage. Loaded Objects now: 2536.
Total: 1.411209 ms (FindLiveObjects: 0.109583 ms CreateObjectMapping: 0.039708 ms MarkObjects: 1.245167 ms  DeleteObjects: 0.016125 ms)

========================================================================
Received Prepare
Registering precompiled user dll's ...
Registered in 0.004606 seconds.
Begin MonoManager ReloadAssembly
Native extension for WindowsStandalone target not found
Native extension for OSXStandalone target not found
Refreshing native plugins compatible for Editor in 0.85 ms, found 3 plugins.
Preloading 0 native plugins for Editor in 0.00 ms.
Mono: successfully reloaded assembly
- Completed reload, in  2.378 seconds
Platform modules already initialized, skipping
Refreshing native plugins compatible for Editor in 0.87 ms, found 3 plugins.
Preloading 0 native plugins for Editor in 0.00 ms.
Unloading 2058 Unused Serialized files (Serialized files now loaded: 0)
System memory in use before: 184.8 MB.
System memory in use after: 184.9 MB.

Unloading 26 unused Assets to reduce memory usage. Loaded Objects now: 2540.
Total: 1.468875 ms (FindLiveObjects: 0.131500 ms CreateObjectMapping: 0.039167 ms MarkObjects: 1.279583 ms  DeleteObjects: 0.017916 ms)

========================================================================
Received Prepare
Registering precompiled user dll's ...
Registered in 0.005319 seconds.
Begin MonoManager ReloadAssembly
Native extension for WindowsStandalone target not found
Native extension for OSXStandalone target not found
Refreshing native plugins compatible for Editor in 1.02 ms, found 3 plugins.
Preloading 0 native plugins for Editor in 0.00 ms.
Mono: successfully reloaded assembly
- Completed reload, in  2.502 seconds
Platform modules already initialized, skipping
Refreshing native plugins compatible for Editor in 0.81 ms, found 3 plugins.
Preloading 0 native plugins for Editor in 0.00 ms.
Unloading 2058 Unused Serialized files (Serialized files now loaded: 0)
System memory in use before: 185.0 MB.
System memory in use after: 185.1 MB.

Unloading 26 unused Assets to reduce memory usage. Loaded Objects now: 2544.
Total: 1.489167 ms (FindLiveObjects: 0.158291 ms CreateObjectMapping: 0.039459 ms MarkObjects: 1.267500 ms  DeleteObjects: 0.023375 ms)

========================================================================
Received Prepare
Registering precompiled user dll's ...
Registered in 0.004580 seconds.
Begin MonoManager ReloadAssembly
Native extension for WindowsStandalone target not found
Native extension for OSXStandalone target not found
Refreshing native plugins compatible for Editor in 0.91 ms, found 3 plugins.
Preloading 0 native plugins for Editor in 0.00 ms.
Mono: successfully reloaded assembly
- Completed reload, in  2.058 seconds
Platform modules already initialized, skipping
Refreshing native plugins compatible for Editor in 0.85 ms, found 3 plugins.
Preloading 0 native plugins for Editor in 0.00 ms.
Unloading 2058 Unused Serialized files (Serialized files now loaded: 0)
System memory in use before: 185.2 MB.
System memory in use after: 185.3 MB.

Unloading 26 unused Assets to reduce memory usage. Loaded Objects now: 2548.
Total: 1.411667 ms (FindLiveObjects: 0.110250 ms CreateObjectMapping: 0.038500 ms MarkObjects: 1.245750 ms  DeleteObjects: 0.016458 ms)

========================================================================
Received Prepare
Registering precompiled user dll's ...
Registered in 0.004981 seconds.
Begin MonoManager ReloadAssembly
Native extension for WindowsStandalone target not found
Native extension for OSXStandalone target not found
Refreshing native plugins compatible for Editor in 1.06 ms, found 3 plugins.
Preloading 0 native plugins for Editor in 0.00 ms.
Mono: successfully reloaded assembly
- Completed reload, in  2.418 seconds
Platform modules already initialized, skipping
Refreshing native plugins compatible for Editor in 0.83 ms, found 3 plugins.
Preloading 0 native plugins for Editor in 0.00 ms.
Unloading 2058 Unused Serialized files (Serialized files now loaded: 0)
System memory in use before: 185.4 MB.
System memory in use after: 185.6 MB.

Unloading 26 unused Assets to reduce memory usage. Loaded Objects now: 2552.
Total: 1.722750 ms (FindLiveObjects: 0.182166 ms CreateObjectMapping: 0.042459 ms MarkObjects: 1.467125 ms  DeleteObjects: 0.029834 ms)

========================================================================
Received Prepare
Registering precompiled user dll's ...
Registered in 0.004404 seconds.
Begin MonoManager ReloadAssembly
Native extension for WindowsStandalone target not found
Native extension for OSXStandalone target not found
Refreshing native plugins compatible for Editor in 0.99 ms, found 3 plugins.
Preloading 0 native plugins for Editor in 0.00 ms.
Mono: successfully reloaded assembly
- Completed reload, in  2.251 seconds
Platform modules already initialized, skipping
Refreshing native plugins compatible for Editor in 0.90 ms, found 3 plugins.
Preloading 0 native plugins for Editor in 0.00 ms.
Unloading 2058 Unused Serialized files (Serialized files now loaded: 0)
System memory in use before: 185.7 MB.
System memory in use after: 185.8 MB.

Unloading 26 unused Assets to reduce memory usage. Loaded Objects now: 2556.
Total: 1.527792 ms (FindLiveObjects: 0.122625 ms CreateObjectMapping: 0.041791 ms MarkObjects: 1.345750 ms  DeleteObjects: 0.016958 ms)

========================================================================
Received Prepare
Registering precompiled user dll's ...
Registered in 0.004917 seconds.
Begin MonoManager ReloadAssembly
Native extension for WindowsStandalone target not found
Native extension for OSXStandalone target not found
Refreshing native plugins compatible for Editor in 0.91 ms, found 3 plugins.
Preloading 0 native plugins for Editor in 0.00 ms.
Mono: successfully reloaded assembly
- Completed reload, in  2.390 seconds
Platform modules already initialized, skipping
Refreshing native plugins compatible for Editor in 0.90 ms, found 3 plugins.
Preloading 0 native plugins for Editor in 0.00 ms.
Unloading 2058 Unused Serialized files (Serialized files now loaded: 0)
System memory in use before: 185.9 MB.
System memory in use after: 186.0 MB.

Unloading 26 unused Assets to reduce memory usage. Loaded Objects now: 2560.
Total: 1.465292 ms (FindLiveObjects: 0.129583 ms CreateObjectMapping: 0.041167 ms MarkObjects: 1.276916 ms  DeleteObjects: 0.016708 ms)

========================================================================
Received Prepare
Registering precompiled user dll's ...
Registered in 0.004019 seconds.
Begin MonoManager ReloadAssembly
Native extension for WindowsStandalone target not found
Native extension for OSXStandalone target not found
Refreshing native plugins compatible for Editor in 0.92 ms, found 3 plugins.
Preloading 0 native plugins for Editor in 0.00 ms.
Mono: successfully reloaded assembly
- Completed reload, in  2.237 seconds
Platform modules already initialized, skipping
Refreshing native plugins compatible for Editor in 0.88 ms, found 3 plugins.
Preloading 0 native plugins for Editor in 0.00 ms.
Unloading 2058 Unused Serialized files (Serialized files now loaded: 0)
System memory in use before: 186.1 MB.
System memory in use after: 186.2 MB.

Unloading 26 unused Assets to reduce memory usage. Loaded Objects now: 2564.
Total: 1.534875 ms (FindLiveObjects: 0.180875 ms CreateObjectMapping: 0.039250 ms MarkObjects: 1.289708 ms  DeleteObjects: 0.024417 ms)

========================================================================
Received Prepare
Registering precompiled user dll's ...
Registered in 0.004803 seconds.
Begin MonoManager ReloadAssembly
Native extension for WindowsStandalone target not found
Native extension for OSXStandalone target not found
Refreshing native plugins compatible for Editor in 0.90 ms, found 3 plugins.
Preloading 0 native plugins for Editor in 0.00 ms.
Mono: successfully reloaded assembly
- Completed reload, in  2.068 seconds
Platform modules already initialized, skipping
Refreshing native plugins compatible for Editor in 0.83 ms, found 3 plugins.
Preloading 0 native plugins for Editor in 0.00 ms.
Unloading 2058 Unused Serialized files (Serialized files now loaded: 0)
System memory in use before: 186.3 MB.
System memory in use after: 186.5 MB.

Unloading 26 unused Assets to reduce memory usage. Loaded Objects now: 2568.
Total: 1.457666 ms (FindLiveObjects: 0.112792 ms CreateObjectMapping: 0.038500 ms MarkObjects: 1.286750 ms  DeleteObjects: 0.019166 ms)

========================================================================
Received Prepare
Registering precompiled user dll's ...
Registered in 0.007529 seconds.
Begin MonoManager ReloadAssembly
Native extension for WindowsStandalone target not found
Native extension for OSXStandalone target not found
Refreshing native plugins compatible for Editor in 0.85 ms, found 3 plugins.
Preloading 0 native plugins for Editor in 0.00 ms.
Mono: successfully reloaded assembly
- Completed reload, in  2.084 seconds
Platform modules already initialized, skipping
Refreshing native plugins compatible for Editor in 0.85 ms, found 3 plugins.
Preloading 0 native plugins for Editor in 0.00 ms.
Unloading 2058 Unused Serialized files (Serialized files now loaded: 0)
System memory in use before: 186.6 MB.
System memory in use after: 186.7 MB.

Unloading 26 unused Assets to reduce memory usage. Loaded Objects now: 2572.
Total: 1.463250 ms (FindLiveObjects: 0.153000 ms CreateObjectMapping: 0.040084 ms MarkObjects: 1.251542 ms  DeleteObjects: 0.018084 ms)

========================================================================
Received Import Request.
  Time since last request: 2885.768159 seconds.
  path: Assets/Scenes/00_MainMenu.unity
  artifactKey: Guid(9d376e2eb1d2b43039a8910dcd992eb1) Importer(815301076,1909f56bfc062723c751e8b465ee728b)
Start importing Assets/Scenes/00_MainMenu.unity using Guid(9d376e2eb1d2b43039a8910dcd992eb1) Importer(815301076,1909f56bfc062723c751e8b465ee728b)  -> (artifact id: '1fd0095f74b1001560759fcd63964f58') in 0.014262 seconds
  Import took 0.017212 seconds .

========================================================================
Received Import Request.
  Time since last request: 13.159582 seconds.
  path: Assets/Scenes/04_EndCredits 1.unity
  artifactKey: Guid(e54e5338325ad4f0d9ecb9d24c6a3cc3) Importer(815301076,1909f56bfc062723c751e8b465ee728b)
Start importing Assets/Scenes/04_EndCredits 1.unity using Guid(e54e5338325ad4f0d9ecb9d24c6a3cc3) Importer(815301076,1909f56bfc062723c751e8b465ee728b)  -> (artifact id: '6b1e46155ba21b8d27d67a81cbd602c5') in 0.001860 seconds
  Import took 0.004719 seconds .

========================================================================
Received Import Request.
  Time since last request: 6.276827 seconds.
  path: Assets/Scenes/01_Intro.unity
  artifactKey: Guid(e54e5338325ad4f0d9ecb9d24c6a3cc3) Importer(815301076,1909f56bfc062723c751e8b465ee728b)
Start importing Assets/Scenes/01_Intro.unity using Guid(e54e5338325ad4f0d9ecb9d24c6a3cc3) Importer(815301076,1909f56bfc062723c751e8b465ee728b)  -> (artifact id: '5dcef1f7cb5891af98ff97815ba5594d') in 0.001810 seconds
  Import took 0.004765 seconds .

========================================================================
Received Import Request.
  Time since last request: 98.080961 seconds.
  path: Assets/Samples
  artifactKey: Guid(7abd4b14ab3b54c1697bb8a734b57272) Importer(815301076,1909f56bfc062723c751e8b465ee728b)
Start importing Assets/Samples using Guid(7abd4b14ab3b54c1697bb8a734b57272) Importer(815301076,1909f56bfc062723c751e8b465ee728b)  -> (artifact id: '526eaeb20f8da02e03f5e0af2e661117') in 0.001460 seconds
  Import took 0.004552 seconds .

========================================================================
Received Prepare
Registering precompiled user dll's ...
Registered in 0.004406 seconds.
Begin MonoManager ReloadAssembly
Native extension for WindowsStandalone target not found
Native extension for OSXStandalone target not found
Refreshing native plugins compatible for Editor in 0.90 ms, found 3 plugins.
Preloading 0 native plugins for Editor in 0.00 ms.
Mono: successfully reloaded assembly
- Completed reload, in  2.043 seconds
Platform modules already initialized, skipping
Refreshing native plugins compatible for Editor in 0.82 ms, found 3 plugins.
Preloading 0 native plugins for Editor in 0.00 ms.
Unloading 2052 Unused Serialized files (Serialized files now loaded: 0)
System memory in use before: 186.7 MB.
System memory in use after: 186.8 MB.

Unloading 32 unused Assets to reduce memory usage. Loaded Objects now: 2570.
Total: 1.437709 ms (FindLiveObjects: 0.106458 ms CreateObjectMapping: 0.038750 ms MarkObjects: 1.271709 ms  DeleteObjects: 0.020084 ms)

========================================================================
Received Prepare
Registering precompiled user dll's ...
Registered in 0.008311 seconds.
Begin MonoManager ReloadAssembly
Native extension for WindowsStandalone target not found
Native extension for OSXStandalone target not found
Refreshing native plugins compatible for Editor in 1.78 ms, found 3 plugins.
Preloading 0 native plugins for Editor in 0.00 ms.
Mono: successfully reloaded assembly
- Completed reload, in  2.393 seconds
Platform modules already initialized, skipping
Refreshing native plugins compatible for Editor in 0.83 ms, found 3 plugins.
Preloading 0 native plugins for Editor in 0.00 ms.
Unloading 2052 Unused Serialized files (Serialized files now loaded: 0)
System memory in use before: 186.9 MB.
System memory in use after: 187.0 MB.

Unloading 26 unused Assets to reduce memory usage. Loaded Objects now: 2574.
Total: 1.475917 ms (FindLiveObjects: 0.148042 ms CreateObjectMapping: 0.038792 ms MarkObjects: 1.270042 ms  DeleteObjects: 0.018000 ms)

========================================================================
Received Prepare
Registering precompiled user dll's ...
Registered in 0.007132 seconds.
Begin MonoManager ReloadAssembly
Native extension for WindowsStandalone target not found
Native extension for OSXStandalone target not found
Refreshing native plugins compatible for Editor in 0.88 ms, found 3 plugins.
Preloading 0 native plugins for Editor in 0.00 ms.
Mono: successfully reloaded assembly
- Completed reload, in  2.077 seconds
Platform modules already initialized, skipping
Refreshing native plugins compatible for Editor in 0.84 ms, found 3 plugins.
Preloading 0 native plugins for Editor in 0.00 ms.
Unloading 2052 Unused Serialized files (Serialized files now loaded: 0)
System memory in use before: 187.1 MB.
System memory in use after: 187.2 MB.

Unloading 26 unused Assets to reduce memory usage. Loaded Objects now: 2578.
Total: 1.398041 ms (FindLiveObjects: 0.119041 ms CreateObjectMapping: 0.038750 ms MarkObjects: 1.220917 ms  DeleteObjects: 0.018750 ms)

========================================================================
Received Prepare
Registering precompiled user dll's ...
Registered in 0.002693 seconds.
Begin MonoManager ReloadAssembly
Native extension for WindowsStandalone target not found
Native extension for OSXStandalone target not found
Refreshing native plugins compatible for Editor in 1.03 ms, found 3 plugins.
Preloading 0 native plugins for Editor in 0.00 ms.
Mono: successfully reloaded assembly
- Completed reload, in  1.991 seconds
Platform modules already initialized, skipping
Refreshing native plugins compatible for Editor in 0.80 ms, found 3 plugins.
Preloading 0 native plugins for Editor in 0.00 ms.
Unloading 2052 Unused Serialized files (Serialized files now loaded: 0)
System memory in use before: 187.3 MB.
System memory in use after: 187.5 MB.

Unloading 26 unused Assets to reduce memory usage. Loaded Objects now: 2582.
Total: 1.402833 ms (FindLiveObjects: 0.104875 ms CreateObjectMapping: 0.038708 ms MarkObjects: 1.231625 ms  DeleteObjects: 0.027000 ms)

========================================================================
Received Prepare
Registering precompiled user dll's ...
Registered in 0.011542 seconds.
Begin MonoManager ReloadAssembly
Native extension for WindowsStandalone target not found
Native extension for OSXStandalone target not found
Refreshing native plugins compatible for Editor in 0.87 ms, found 3 plugins.
Preloading 0 native plugins for Editor in 0.00 ms.
Mono: successfully reloaded assembly
- Completed reload, in  2.097 seconds
Platform modules already initialized, skipping
Refreshing native plugins compatible for Editor in 0.84 ms, found 3 plugins.
Preloading 0 native plugins for Editor in 0.00 ms.
Unloading 2052 Unused Serialized files (Serialized files now loaded: 0)
System memory in use before: 187.6 MB.
System memory in use after: 187.7 MB.

Unloading 26 unused Assets to reduce memory usage. Loaded Objects now: 2586.
Total: 1.508417 ms (FindLiveObjects: 0.111334 ms CreateObjectMapping: 0.039500 ms MarkObjects: 1.338709 ms  DeleteObjects: 0.018125 ms)

========================================================================
Received Import Request.
  Time since last request: 1055.077343 seconds.
  path: Assets/Scripts/UI
  artifactKey: Guid(51d24e0963c2645d78a85dff6f7cf46e) Importer(815301076,1909f56bfc062723c751e8b465ee728b)
Start importing Assets/Scripts/UI using Guid(51d24e0963c2645d78a85dff6f7cf46e) Importer(815301076,1909f56bfc062723c751e8b465ee728b)  -> (artifact id: '1ed199aea58fd2d2568799fb579cf59f') in 0.004741 seconds
  Import took 0.007088 seconds .

========================================================================
Received Import Request.
  Time since last request: 7.459235 seconds.
  path: Assets/Scripts/UI/Typewriter.cs
  artifactKey: Guid(28023cfc2679243e3aecb86a310d8c32) Importer(815301076,1909f56bfc062723c751e8b465ee728b)
Start importing Assets/Scripts/UI/Typewriter.cs using Guid(28023cfc2679243e3aecb86a310d8c32) Importer(815301076,1909f56bfc062723c751e8b465ee728b)  -> (artifact id: '8c74b5d0cadab191682847187e1dc81e') in 0.004039 seconds
  Import took 0.006913 seconds .

========================================================================
Received Import Request.
  Time since last request: 0.004241 seconds.
  path: Assets/Scripts/UI/Typewriter.cs
  artifactKey: Guid(28023cfc2679243e3aecb86a310d8c32) Importer(815301076,1909f56bfc062723c751e8b465ee728b)
Start importing Assets/Scripts/UI/Typewriter.cs using Guid(28023cfc2679243e3aecb86a310d8c32) Importer(815301076,1909f56bfc062723c751e8b465ee728b)  -> (artifact id: '8c74b5d0cadab191682847187e1dc81e') in 0.002121 seconds
  Import took 0.005007 seconds .

========================================================================
Received Prepare
Registering precompiled user dll's ...
Registered in 0.003756 seconds.
Begin MonoManager ReloadAssembly
Native extension for WindowsStandalone target not found
Native extension for OSXStandalone target not found
Refreshing native plugins compatible for Editor in 1.03 ms, found 3 plugins.
Preloading 0 native plugins for Editor in 0.00 ms.
Mono: successfully reloaded assembly
- Completed reload, in  2.291 seconds
Platform modules already initialized, skipping
Refreshing native plugins compatible for Editor in 0.83 ms, found 3 plugins.
Preloading 0 native plugins for Editor in 0.00 ms.
Unloading 2053 Unused Serialized files (Serialized files now loaded: 0)
System memory in use before: 187.8 MB.
System memory in use after: 187.9 MB.

Unloading 26 unused Assets to reduce memory usage. Loaded Objects now: 2591.
Total: 1.452666 ms (FindLiveObjects: 0.133958 ms CreateObjectMapping: 0.039375 ms MarkObjects: 1.261833 ms  DeleteObjects: 0.016791 ms)

========================================================================
Received Import Request.
  Time since last request: 234.932743 seconds.
  path: Assets/Scripts/UI/Typewriter.cs
  artifactKey: Guid(28023cfc2679243e3aecb86a310d8c32) Importer(815301076,1909f56bfc062723c751e8b465ee728b)
Start importing Assets/Scripts/UI/Typewriter.cs using Guid(28023cfc2679243e3aecb86a310d8c32) Importer(815301076,1909f56bfc062723c751e8b465ee728b)  -> (artifact id: '5847bd357fb41c6499aacff221f26538') in 0.037626 seconds
  Import took 0.046177 seconds .

========================================================================
Received Prepare
Registering precompiled user dll's ...
Registered in 0.004379 seconds.
Begin MonoManager ReloadAssembly
Native extension for WindowsStandalone target not found
Native extension for OSXStandalone target not found
Refreshing native plugins compatible for Editor in 0.93 ms, found 3 plugins.
Preloading 0 native plugins for Editor in 0.00 ms.
Mono: successfully reloaded assembly
- Completed reload, in  2.150 seconds
Platform modules already initialized, skipping
Refreshing native plugins compatible for Editor in 0.88 ms, found 3 plugins.
Preloading 0 native plugins for Editor in 0.00 ms.
Unloading 2053 Unused Serialized files (Serialized files now loaded: 0)
System memory in use before: 188.0 MB.
System memory in use after: 188.2 MB.

Unloading 26 unused Assets to reduce memory usage. Loaded Objects now: 2595.
Total: 1.585041 ms (FindLiveObjects: 0.154084 ms CreateObjectMapping: 0.042583 ms MarkObjects: 1.361417 ms  DeleteObjects: 0.026333 ms)

========================================================================
Received Prepare
Registering precompiled user dll's ...
Registered in 0.007378 seconds.
Begin MonoManager ReloadAssembly
Native extension for WindowsStandalone target not found
Native extension for OSXStandalone target not found
Refreshing native plugins compatible for Editor in 0.85 ms, found 3 plugins.
Preloading 0 native plugins for Editor in 0.00 ms.
Mono: successfully reloaded assembly
- Completed reload, in  2.014 seconds
Platform modules already initialized, skipping
Refreshing native plugins compatible for Editor in 0.82 ms, found 3 plugins.
Preloading 0 native plugins for Editor in 0.00 ms.
Unloading 2053 Unused Serialized files (Serialized files now loaded: 0)
System memory in use before: 188.3 MB.
System memory in use after: 188.4 MB.

Unloading 26 unused Assets to reduce memory usage. Loaded Objects now: 2599.
Total: 1.429583 ms (FindLiveObjects: 0.109250 ms CreateObjectMapping: 0.039875 ms MarkObjects: 1.263375 ms  DeleteObjects: 0.016625 ms)

========================================================================
Received Prepare
Registering precompiled user dll's ...
Registered in 0.008987 seconds.
Begin MonoManager ReloadAssembly
Native extension for WindowsStandalone target not found
Native extension for OSXStandalone target not found
Refreshing native plugins compatible for Editor in 0.85 ms, found 3 plugins.
Preloading 0 native plugins for Editor in 0.00 ms.
Mono: successfully reloaded assembly
- Completed reload, in  2.070 seconds
Platform modules already initialized, skipping
Refreshing native plugins compatible for Editor in 0.81 ms, found 3 plugins.
Preloading 0 native plugins for Editor in 0.00 ms.
Unloading 2053 Unused Serialized files (Serialized files now loaded: 0)
System memory in use before: 188.5 MB.
System memory in use after: 188.6 MB.

Unloading 26 unused Assets to reduce memory usage. Loaded Objects now: 2603.
Total: 1.463250 ms (FindLiveObjects: 0.108083 ms CreateObjectMapping: 0.039084 ms MarkObjects: 1.297166 ms  DeleteObjects: 0.018333 ms)

========================================================================
Received Prepare
Registering precompiled user dll's ...
Registered in 0.003916 seconds.
Begin MonoManager ReloadAssembly
Native extension for WindowsStandalone target not found
Native extension for OSXStandalone target not found
Refreshing native plugins compatible for Editor in 0.87 ms, found 3 plugins.
Preloading 0 native plugins for Editor in 0.00 ms.
Mono: successfully reloaded assembly
- Completed reload, in  1.985 seconds
Platform modules already initialized, skipping
Refreshing native plugins compatible for Editor in 0.81 ms, found 3 plugins.
Preloading 0 native plugins for Editor in 0.00 ms.
Unloading 2053 Unused Serialized files (Serialized files now loaded: 0)
System memory in use before: 188.7 MB.
System memory in use after: 188.8 MB.

Unloading 26 unused Assets to reduce memory usage. Loaded Objects now: 2607.
Total: 1.418042 ms (FindLiveObjects: 0.111333 ms CreateObjectMapping: 0.040541 ms MarkObjects: 1.247750 ms  DeleteObjects: 0.017791 ms)

========================================================================
Received Prepare
Registering precompiled user dll's ...
Registered in 0.003875 seconds.
Begin MonoManager ReloadAssembly
Native extension for WindowsStandalone target not found
Native extension for OSXStandalone target not found
Refreshing native plugins compatible for Editor in 0.86 ms, found 3 plugins.
Preloading 0 native plugins for Editor in 0.00 ms.
Mono: successfully reloaded assembly
- Completed reload, in  2.055 seconds
Platform modules already initialized, skipping
Refreshing native plugins compatible for Editor in 0.83 ms, found 3 plugins.
Preloading 0 native plugins for Editor in 0.00 ms.
Unloading 2053 Unused Serialized files (Serialized files now loaded: 0)
System memory in use before: 188.9 MB.
System memory in use after: 189.1 MB.

Unloading 26 unused Assets to reduce memory usage. Loaded Objects now: 2611.
Total: 1.413333 ms (FindLiveObjects: 0.125750 ms CreateObjectMapping: 0.038875 ms MarkObjects: 1.232875 ms  DeleteObjects: 0.015083 ms)

========================================================================
Received Prepare
Registering precompiled user dll's ...
Registered in 0.008011 seconds.
Begin MonoManager ReloadAssembly
Native extension for WindowsStandalone target not found
Native extension for OSXStandalone target not found
Refreshing native plugins compatible for Editor in 0.86 ms, found 3 plugins.
Preloading 0 native plugins for Editor in 0.00 ms.
Mono: successfully reloaded assembly
- Completed reload, in  2.032 seconds
Platform modules already initialized, skipping
Refreshing native plugins compatible for Editor in 0.84 ms, found 3 plugins.
Preloading 0 native plugins for Editor in 0.00 ms.
Unloading 2053 Unused Serialized files (Serialized files now loaded: 0)
System memory in use before: 189.2 MB.
System memory in use after: 189.3 MB.

Unloading 26 unused Assets to reduce memory usage. Loaded Objects now: 2615.
Total: 48.035542 ms (FindLiveObjects: 0.126666 ms CreateObjectMapping: 0.039209 ms MarkObjects: 47.846084 ms  DeleteObjects: 0.022292 ms)

========================================================================
Received Import Request.
  Time since last request: 847.391799 seconds.
  path: Assets/Timeline/Intro.playable
  artifactKey: Guid(674d13e05150a4f4d86ae0ff3e8f0e1a) Importer(815301076,1909f56bfc062723c751e8b465ee728b)
Start importing Assets/Timeline/Intro.playable using Guid(674d13e05150a4f4d86ae0ff3e8f0e1a) Importer(815301076,1909f56bfc062723c751e8b465ee728b)  -> (artifact id: '56a928fa9a83323ce8a5ae472add781a') in 0.622415 seconds
  Import took 0.625246 seconds .

========================================================================
Received Prepare
Registering precompiled user dll's ...
Registered in 0.007447 seconds.
Begin MonoManager ReloadAssembly
Native extension for WindowsStandalone target not found
Native extension for OSXStandalone target not found
Refreshing native plugins compatible for Editor in 0.90 ms, found 3 plugins.
Preloading 0 native plugins for Editor in 0.00 ms.
Mono: successfully reloaded assembly
- Completed reload, in  2.059 seconds
Platform modules already initialized, skipping
Refreshing native plugins compatible for Editor in 0.91 ms, found 3 plugins.
Preloading 0 native plugins for Editor in 0.00 ms.
Unloading 2053 Unused Serialized files (Serialized files now loaded: 0)
System memory in use before: 193.8 MB.
System memory in use after: 193.9 MB.

Unloading 26 unused Assets to reduce memory usage. Loaded Objects now: 2619.
Total: 1.549750 ms (FindLiveObjects: 0.133292 ms CreateObjectMapping: 0.040750 ms MarkObjects: 1.354542 ms  DeleteObjects: 0.020375 ms)

========================================================================
Received Prepare
Registering precompiled user dll's ...
Registered in 0.003889 seconds.
Begin MonoManager ReloadAssembly
Native extension for WindowsStandalone target not found
Native extension for OSXStandalone target not found
Refreshing native plugins compatible for Editor in 0.86 ms, found 3 plugins.
Preloading 0 native plugins for Editor in 0.00 ms.
Mono: successfully reloaded assembly
- Completed reload, in  2.018 seconds
Platform modules already initialized, skipping
Refreshing native plugins compatible for Editor in 0.83 ms, found 3 plugins.
Preloading 0 native plugins for Editor in 0.00 ms.
Unloading 2053 Unused Serialized files (Serialized files now loaded: 0)
System memory in use before: 194.0 MB.
System memory in use after: 194.1 MB.

Unloading 26 unused Assets to reduce memory usage. Loaded Objects now: 2623.
Total: 1.477625 ms (FindLiveObjects: 0.123375 ms CreateObjectMapping: 0.037833 ms MarkObjects: 1.288208 ms  DeleteObjects: 0.027417 ms)

========================================================================
Received Import Request.
  Time since last request: 439.667528 seconds.
  path: Assets/Scenes/01_Intro.unity
  artifactKey: Guid(e54e5338325ad4f0d9ecb9d24c6a3cc3) Importer(815301076,1909f56bfc062723c751e8b465ee728b)
Start importing Assets/Scenes/01_Intro.unity using Guid(e54e5338325ad4f0d9ecb9d24c6a3cc3) Importer(815301076,1909f56bfc062723c751e8b465ee728b)  -> (artifact id: '11c69068fae2de8aea0ec50360ad2b08') in 0.021151 seconds
  Import took 0.025021 seconds .

========================================================================
Received Import Request.
  Time since last request: 80.752504 seconds.
  path: Assets/Audio/Music/Cynicmusic
  artifactKey: Guid(52839d1783a4b4beab9eba26f18e8c50) Importer(815301076,1909f56bfc062723c751e8b465ee728b)
Start importing Assets/Audio/Music/Cynicmusic using Guid(52839d1783a4b4beab9eba26f18e8c50) Importer(815301076,1909f56bfc062723c751e8b465ee728b)  -> (artifact id: 'd9593594a21af6ccb6f9978f5dc31506') in 0.001682 seconds
  Import took 0.005511 seconds .

========================================================================
Received Prepare
Registering precompiled user dll's ...
Registered in 0.007887 seconds.
Begin MonoManager ReloadAssembly
Native extension for WindowsStandalone target not found
Native extension for OSXStandalone target not found
Refreshing native plugins compatible for Editor in 0.91 ms, found 3 plugins.
Preloading 0 native plugins for Editor in 0.00 ms.
Mono: successfully reloaded assembly
- Completed reload, in  2.068 seconds
Platform modules already initialized, skipping
Refreshing native plugins compatible for Editor in 0.91 ms, found 3 plugins.
Preloading 0 native plugins for Editor in 0.00 ms.
Unloading 2053 Unused Serialized files (Serialized files now loaded: 0)
System memory in use before: 194.2 MB.
System memory in use after: 194.3 MB.

Unloading 26 unused Assets to reduce memory usage. Loaded Objects now: 2627.
Total: 1.572375 ms (FindLiveObjects: 0.152875 ms CreateObjectMapping: 0.042166 ms MarkObjects: 1.357167 ms  DeleteObjects: 0.019375 ms)

========================================================================
Received Prepare
Registering precompiled user dll's ...
Registered in 0.003257 seconds.
Begin MonoManager ReloadAssembly
Native extension for WindowsStandalone target not found
Native extension for OSXStandalone target not found
Refreshing native plugins compatible for Editor in 0.99 ms, found 3 plugins.
Preloading 0 native plugins for Editor in 0.00 ms.
Mono: successfully reloaded assembly
- Completed reload, in  2.005 seconds
Platform modules already initialized, skipping
Refreshing native plugins compatible for Editor in 0.94 ms, found 3 plugins.
Preloading 0 native plugins for Editor in 0.00 ms.
Unloading 2053 Unused Serialized files (Serialized files now loaded: 0)
System memory in use before: 194.4 MB.
System memory in use after: 194.6 MB.

Unloading 26 unused Assets to reduce memory usage. Loaded Objects now: 2631.
Total: 1.410541 ms (FindLiveObjects: 0.120250 ms CreateObjectMapping: 0.038333 ms MarkObjects: 1.231333 ms  DeleteObjects: 0.019875 ms)

========================================================================
Received Prepare
Registering precompiled user dll's ...
Registered in 0.007350 seconds.
Begin MonoManager ReloadAssembly
Native extension for WindowsStandalone target not found
Native extension for OSXStandalone target not found
Refreshing native plugins compatible for Editor in 0.85 ms, found 3 plugins.
Preloading 0 native plugins for Editor in 0.00 ms.
Mono: successfully reloaded assembly
- Completed reload, in  2.008 seconds
Platform modules already initialized, skipping
Refreshing native plugins compatible for Editor in 0.83 ms, found 3 plugins.
Preloading 0 native plugins for Editor in 0.00 ms.
Unloading 2053 Unused Serialized files (Serialized files now loaded: 0)
System memory in use before: 194.7 MB.
System memory in use after: 194.8 MB.

Unloading 26 unused Assets to reduce memory usage. Loaded Objects now: 2635.
Total: 1.456167 ms (FindLiveObjects: 0.121250 ms CreateObjectMapping: 0.039792 ms MarkObjects: 1.278041 ms  DeleteObjects: 0.016292 ms)

========================================================================
Received Prepare
Registering precompiled user dll's ...
Registered in 0.007268 seconds.
Begin MonoManager ReloadAssembly
Native extension for WindowsStandalone target not found
Native extension for OSXStandalone target not found
Refreshing native plugins compatible for Editor in 0.98 ms, found 3 plugins.
Preloading 0 native plugins for Editor in 0.00 ms.
Mono: successfully reloaded assembly
- Completed reload, in  2.123 seconds
Platform modules already initialized, skipping
Refreshing native plugins compatible for Editor in 0.84 ms, found 3 plugins.
Preloading 0 native plugins for Editor in 0.00 ms.
Unloading 2053 Unused Serialized files (Serialized files now loaded: 0)
System memory in use before: 194.9 MB.
System memory in use after: 195.0 MB.

Unloading 26 unused Assets to reduce memory usage. Loaded Objects now: 2639.
Total: 1.608875 ms (FindLiveObjects: 0.147583 ms CreateObjectMapping: 0.044250 ms MarkObjects: 1.399792 ms  DeleteObjects: 0.016542 ms)

========================================================================
Received Import Request.
  Time since last request: 920.018069 seconds.
  path: Assets/Audio/Music
  artifactKey: Guid(97b3fabcaa7d446bda32004538e2ada5) Importer(815301076,1909f56bfc062723c751e8b465ee728b)
Start importing Assets/Audio/Music using Guid(97b3fabcaa7d446bda32004538e2ada5) Importer(815301076,1909f56bfc062723c751e8b465ee728b)  -> (artifact id: '8d61abf7a3b779142e96376b861313ec') in 0.008090 seconds
  Import took 0.011629 seconds .

========================================================================
Received Import Request.
  Time since last request: 16.696978 seconds.
  path: Assets/Scripts/Tutorial/Intro.cs
  artifactKey: Guid(5cd9e4a85fd534562b16d47bed029043) Importer(815301076,1909f56bfc062723c751e8b465ee728b)
Start importing Assets/Scripts/Tutorial/Intro.cs using Guid(5cd9e4a85fd534562b16d47bed029043) Importer(815301076,1909f56bfc062723c751e8b465ee728b)  -> (artifact id: '9e8cf462b036ddeaba6d68fe07ce39a9') in 0.003312 seconds
  Import took 0.006135 seconds .

========================================================================
Received Import Request.
  Time since last request: 0.006411 seconds.
  path: Assets/Scripts/Tutorial/Intro.cs
  artifactKey: Guid(5cd9e4a85fd534562b16d47bed029043) Importer(815301076,1909f56bfc062723c751e8b465ee728b)
Start importing Assets/Scripts/Tutorial/Intro.cs using Guid(5cd9e4a85fd534562b16d47bed029043) Importer(815301076,1909f56bfc062723c751e8b465ee728b)  -> (artifact id: '9e8cf462b036ddeaba6d68fe07ce39a9') in 0.001163 seconds
  Import took 0.004100 seconds .

========================================================================
Received Prepare
Registering precompiled user dll's ...
Registered in 0.005064 seconds.
Begin MonoManager ReloadAssembly
Native extension for WindowsStandalone target not found
Native extension for OSXStandalone target not found
Refreshing native plugins compatible for Editor in 0.90 ms, found 3 plugins.
Preloading 0 native plugins for Editor in 0.00 ms.
Mono: successfully reloaded assembly
- Completed reload, in  2.136 seconds
Platform modules already initialized, skipping
Refreshing native plugins compatible for Editor in 0.91 ms, found 3 plugins.
Preloading 0 native plugins for Editor in 0.00 ms.
Unloading 2054 Unused Serialized files (Serialized files now loaded: 0)
System memory in use before: 195.1 MB.
System memory in use after: 195.3 MB.

Unloading 26 unused Assets to reduce memory usage. Loaded Objects now: 2644.
Total: 1.563834 ms (FindLiveObjects: 0.141875 ms CreateObjectMapping: 0.041834 ms MarkObjects: 1.359333 ms  DeleteObjects: 0.019959 ms)

========================================================================
Received Import Request.
  Time since last request: 142.247819 seconds.
  path: Assets/Scripts/Tutorial/Intro.cs
  artifactKey: Guid(5cd9e4a85fd534562b16d47bed029043) Importer(815301076,1909f56bfc062723c751e8b465ee728b)
Start importing Assets/Scripts/Tutorial/Intro.cs using Guid(5cd9e4a85fd534562b16d47bed029043) Importer(815301076,1909f56bfc062723c751e8b465ee728b)  -> (artifact id: 'b023af003c0d44d3ee29e7797444c8ce') in 0.027949 seconds
  Import took 0.060574 seconds .

========================================================================
Received Import Request.
  Time since last request: 0.244981 seconds.
  path: Assets/Scripts/Tutorial/Intro.cs
  artifactKey: Guid(5cd9e4a85fd534562b16d47bed029043) Importer(815301076,1909f56bfc062723c751e8b465ee728b)
Start importing Assets/Scripts/Tutorial/Intro.cs using Guid(5cd9e4a85fd534562b16d47bed029043) Importer(815301076,1909f56bfc062723c751e8b465ee728b)  -> (artifact id: 'b023af003c0d44d3ee29e7797444c8ce') in 0.001102 seconds
  Import took 0.004217 seconds .

========================================================================
Received Prepare
Registering precompiled user dll's ...
Registered in 0.004901 seconds.
Begin MonoManager ReloadAssembly
Native extension for WindowsStandalone target not found
Native extension for OSXStandalone target not found
Refreshing native plugins compatible for Editor in 1.00 ms, found 3 plugins.
Preloading 0 native plugins for Editor in 0.00 ms.
Mono: successfully reloaded assembly
- Completed reload, in  2.315 seconds
Platform modules already initialized, skipping
Refreshing native plugins compatible for Editor in 0.91 ms, found 3 plugins.
Preloading 0 native plugins for Editor in 0.00 ms.
Unloading 2054 Unused Serialized files (Serialized files now loaded: 0)
System memory in use before: 195.4 MB.
System memory in use after: 195.5 MB.

Unloading 26 unused Assets to reduce memory usage. Loaded Objects now: 2648.
Total: 1.587000 ms (FindLiveObjects: 0.207333 ms CreateObjectMapping: 0.041167 ms MarkObjects: 1.316375 ms  DeleteObjects: 0.021084 ms)

========================================================================
Received Import Request.
  Time since last request: 32.936079 seconds.
  path: Assets/Scripts/Tutorial/Intro.cs
  artifactKey: Guid(5cd9e4a85fd534562b16d47bed029043) Importer(815301076,1909f56bfc062723c751e8b465ee728b)
Start importing Assets/Scripts/Tutorial/Intro.cs using Guid(5cd9e4a85fd534562b16d47bed029043) Importer(815301076,1909f56bfc062723c751e8b465ee728b)  -> (artifact id: '100683fac6239af02bee552d338bf1a2') in 0.006220 seconds
  Import took 0.009207 seconds .

========================================================================
Received Prepare
Registering precompiled user dll's ...
Registered in 0.005226 seconds.
Begin MonoManager ReloadAssembly
Native extension for WindowsStandalone target not found
Native extension for OSXStandalone target not found
Refreshing native plugins compatible for Editor in 0.91 ms, found 3 plugins.
Preloading 0 native plugins for Editor in 0.00 ms.
Mono: successfully reloaded assembly
- Completed reload, in  2.183 seconds
Platform modules already initialized, skipping
Refreshing native plugins compatible for Editor in 0.97 ms, found 3 plugins.
Preloading 0 native plugins for Editor in 0.00 ms.
Unloading 2054 Unused Serialized files (Serialized files now loaded: 0)
System memory in use before: 195.6 MB.
System memory in use after: 195.8 MB.

Unloading 26 unused Assets to reduce memory usage. Loaded Objects now: 2652.
Total: 1.573042 ms (FindLiveObjects: 0.168791 ms CreateObjectMapping: 0.041917 ms MarkObjects: 1.343625 ms  DeleteObjects: 0.017708 ms)

========================================================================
Received Prepare
Registering precompiled user dll's ...
Registered in 0.007821 seconds.
Begin MonoManager ReloadAssembly
Native extension for WindowsStandalone target not found
Native extension for OSXStandalone target not found
Refreshing native plugins compatible for Editor in 0.85 ms, found 3 plugins.
Preloading 0 native plugins for Editor in 0.00 ms.
Mono: successfully reloaded assembly
- Completed reload, in  2.053 seconds
Platform modules already initialized, skipping
Refreshing native plugins compatible for Editor in 0.85 ms, found 3 plugins.
Preloading 0 native plugins for Editor in 0.00 ms.
Unloading 2054 Unused Serialized files (Serialized files now loaded: 0)
System memory in use before: 195.9 MB.
System memory in use after: 196.0 MB.

Unloading 26 unused Assets to reduce memory usage. Loaded Objects now: 2656.
Total: 1.468000 ms (FindLiveObjects: 0.131709 ms CreateObjectMapping: 0.039292 ms MarkObjects: 1.274666 ms  DeleteObjects: 0.021500 ms)

========================================================================
Received Prepare
Registering precompiled user dll's ...
Registered in 0.008106 seconds.
Begin MonoManager ReloadAssembly
Native extension for WindowsStandalone target not found
Native extension for OSXStandalone target not found
Refreshing native plugins compatible for Editor in 0.84 ms, found 3 plugins.
Preloading 0 native plugins for Editor in 0.00 ms.
Mono: successfully reloaded assembly
- Completed reload, in  2.011 seconds
Platform modules already initialized, skipping
Refreshing native plugins compatible for Editor in 0.84 ms, found 3 plugins.
Preloading 0 native plugins for Editor in 0.00 ms.
Unloading 2054 Unused Serialized files (Serialized files now loaded: 0)
System memory in use before: 196.1 MB.
System memory in use after: 196.2 MB.

Unloading 26 unused Assets to reduce memory usage. Loaded Objects now: 2660.
Total: 1.453500 ms (FindLiveObjects: 0.126375 ms CreateObjectMapping: 0.039625 ms MarkObjects: 1.270709 ms  DeleteObjects: 0.016125 ms)

========================================================================
Received Prepare
Registering precompiled user dll's ...
Registered in 0.003866 seconds.
Begin MonoManager ReloadAssembly
Native extension for WindowsStandalone target not found
Native extension for OSXStandalone target not found
Refreshing native plugins compatible for Editor in 0.86 ms, found 3 plugins.
Preloading 0 native plugins for Editor in 0.00 ms.
Mono: successfully reloaded assembly
- Completed reload, in  1.995 seconds
Platform modules already initialized, skipping
Refreshing native plugins compatible for Editor in 0.81 ms, found 3 plugins.
Preloading 0 native plugins for Editor in 0.00 ms.
Unloading 2054 Unused Serialized files (Serialized files now loaded: 0)
System memory in use before: 196.3 MB.
System memory in use after: 196.4 MB.

Unloading 26 unused Assets to reduce memory usage. Loaded Objects now: 2664.
Total: 1.420292 ms (FindLiveObjects: 0.118333 ms CreateObjectMapping: 0.039500 ms MarkObjects: 1.243125 ms  DeleteObjects: 0.018667 ms)

========================================================================
Received Prepare
Registering precompiled user dll's ...
Registered in 0.007149 seconds.
Begin MonoManager ReloadAssembly
Native extension for WindowsStandalone target not found
Native extension for OSXStandalone target not found
Refreshing native plugins compatible for Editor in 0.86 ms, found 3 plugins.
Preloading 0 native plugins for Editor in 0.00 ms.
Mono: successfully reloaded assembly
- Completed reload, in  2.048 seconds
Platform modules already initialized, skipping
Refreshing native plugins compatible for Editor in 0.89 ms, found 3 plugins.
Preloading 0 native plugins for Editor in 0.00 ms.
Unloading 2054 Unused Serialized files (Serialized files now loaded: 0)
System memory in use before: 196.5 MB.
System memory in use after: 196.6 MB.

Unloading 26 unused Assets to reduce memory usage. Loaded Objects now: 2668.
Total: 1.551125 ms (FindLiveObjects: 0.127167 ms CreateObjectMapping: 0.042833 ms MarkObjects: 1.361584 ms  DeleteObjects: 0.018834 ms)

========================================================================
Received Prepare
Registering precompiled user dll's ...
Registered in 0.007013 seconds.
Begin MonoManager ReloadAssembly
Native extension for WindowsStandalone target not found
Native extension for OSXStandalone target not found
Refreshing native plugins compatible for Editor in 1.20 ms, found 3 plugins.
Preloading 0 native plugins for Editor in 0.00 ms.
Mono: successfully reloaded assembly
- Completed reload, in  2.340 seconds
Platform modules already initialized, skipping
Refreshing native plugins compatible for Editor in 0.82 ms, found 3 plugins.
Preloading 0 native plugins for Editor in 0.00 ms.
Unloading 2054 Unused Serialized files (Serialized files now loaded: 0)
System memory in use before: 196.7 MB.
System memory in use after: 196.9 MB.

Unloading 26 unused Assets to reduce memory usage. Loaded Objects now: 2672.
Total: 1.511458 ms (FindLiveObjects: 0.131667 ms CreateObjectMapping: 0.040208 ms MarkObjects: 1.319000 ms  DeleteObjects: 0.020041 ms)

========================================================================
Received Prepare
Registering precompiled user dll's ...
Registered in 0.004679 seconds.
Begin MonoManager ReloadAssembly
Native extension for WindowsStandalone target not found
Native extension for OSXStandalone target not found
Refreshing native plugins compatible for Editor in 1.33 ms, found 3 plugins.
Preloading 0 native plugins for Editor in 0.00 ms.
Mono: successfully reloaded assembly
- Completed reload, in  2.153 seconds
Platform modules already initialized, skipping
Refreshing native plugins compatible for Editor in 0.90 ms, found 3 plugins.
Preloading 0 native plugins for Editor in 0.00 ms.
Unloading 2054 Unused Serialized files (Serialized files now loaded: 0)
System memory in use before: 197.0 MB.
System memory in use after: 197.1 MB.

Unloading 26 unused Assets to reduce memory usage. Loaded Objects now: 2676.
Total: 1.495250 ms (FindLiveObjects: 0.128125 ms CreateObjectMapping: 0.040666 ms MarkObjects: 1.308417 ms  DeleteObjects: 0.017334 ms)

========================================================================
Received Prepare
Registering precompiled user dll's ...
Registered in 0.008423 seconds.
Begin MonoManager ReloadAssembly
Native extension for WindowsStandalone target not found
Native extension for OSXStandalone target not found
Refreshing native plugins compatible for Editor in 0.91 ms, found 3 plugins.
Preloading 0 native plugins for Editor in 0.00 ms.
Mono: successfully reloaded assembly
- Completed reload, in  2.100 seconds
Platform modules already initialized, skipping
Refreshing native plugins compatible for Editor in 1.01 ms, found 3 plugins.
Preloading 0 native plugins for Editor in 0.00 ms.
Unloading 2054 Unused Serialized files (Serialized files now loaded: 0)
System memory in use before: 197.2 MB.
System memory in use after: 197.3 MB.

Unloading 26 unused Assets to reduce memory usage. Loaded Objects now: 2680.
Total: 1.476000 ms (FindLiveObjects: 0.119208 ms CreateObjectMapping: 0.042833 ms MarkObjects: 1.293375 ms  DeleteObjects: 0.019792 ms)

========================================================================
Received Prepare
Registering precompiled user dll's ...
Registered in 0.007567 seconds.
Begin MonoManager ReloadAssembly
Native extension for WindowsStandalone target not found
Native extension for OSXStandalone target not found
Refreshing native plugins compatible for Editor in 0.91 ms, found 3 plugins.
Preloading 0 native plugins for Editor in 0.00 ms.
Mono: successfully reloaded assembly
- Completed reload, in  2.002 seconds
Platform modules already initialized, skipping
Refreshing native plugins compatible for Editor in 0.77 ms, found 3 plugins.
Preloading 0 native plugins for Editor in 0.00 ms.
Unloading 2054 Unused Serialized files (Serialized files now loaded: 0)
System memory in use before: 197.4 MB.
System memory in use after: 197.5 MB.

Unloading 26 unused Assets to reduce memory usage. Loaded Objects now: 2684.
Total: 1.440333 ms (FindLiveObjects: 0.128000 ms CreateObjectMapping: 0.039792 ms MarkObjects: 1.253375 ms  DeleteObjects: 0.018458 ms)

========================================================================
Received Prepare
Registering precompiled user dll's ...
Registered in 0.007678 seconds.
Begin MonoManager ReloadAssembly
Native extension for WindowsStandalone target not found
Native extension for OSXStandalone target not found
Refreshing native plugins compatible for Editor in 0.85 ms, found 3 plugins.
Preloading 0 native plugins for Editor in 0.00 ms.
Mono: successfully reloaded assembly
- Completed reload, in  2.001 seconds
Platform modules already initialized, skipping
Refreshing native plugins compatible for Editor in 0.85 ms, found 3 plugins.
Preloading 0 native plugins for Editor in 0.00 ms.
Unloading 2054 Unused Serialized files (Serialized files now loaded: 0)
System memory in use before: 197.6 MB.
System memory in use after: 197.8 MB.

Unloading 26 unused Assets to reduce memory usage. Loaded Objects now: 2688.
Total: 1.454541 ms (FindLiveObjects: 0.125250 ms CreateObjectMapping: 0.040041 ms MarkObjects: 1.270667 ms  DeleteObjects: 0.018083 ms)

========================================================================
Received Prepare
Registering precompiled user dll's ...
Registered in 0.004589 seconds.
Begin MonoManager ReloadAssembly
Native extension for WindowsStandalone target not found
Native extension for OSXStandalone target not found
Refreshing native plugins compatible for Editor in 0.85 ms, found 3 plugins.
Preloading 0 native plugins for Editor in 0.00 ms.
Mono: successfully reloaded assembly
- Completed reload, in  2.036 seconds
Platform modules already initialized, skipping
Refreshing native plugins compatible for Editor in 0.85 ms, found 3 plugins.
Preloading 0 native plugins for Editor in 0.00 ms.
Unloading 2054 Unused Serialized files (Serialized files now loaded: 0)
System memory in use before: 197.9 MB.
System memory in use after: 198.0 MB.

Unloading 26 unused Assets to reduce memory usage. Loaded Objects now: 2692.
Total: 1.444334 ms (FindLiveObjects: 0.128083 ms CreateObjectMapping: 0.041584 ms MarkObjects: 1.255875 ms  DeleteObjects: 0.018125 ms)

========================================================================
Received Prepare
Registering precompiled user dll's ...
Registered in 0.004555 seconds.
Begin MonoManager ReloadAssembly
Native extension for WindowsStandalone target not found
Native extension for OSXStandalone target not found
Refreshing native plugins compatible for Editor in 0.97 ms, found 3 plugins.
Preloading 0 native plugins for Editor in 0.00 ms.
Mono: successfully reloaded assembly
- Completed reload, in  2.140 seconds
Platform modules already initialized, skipping
Refreshing native plugins compatible for Editor in 0.92 ms, found 3 plugins.
Preloading 0 native plugins for Editor in 0.00 ms.
Unloading 2054 Unused Serialized files (Serialized files now loaded: 0)
System memory in use before: 198.1 MB.
System memory in use after: 198.2 MB.

Unloading 26 unused Assets to reduce memory usage. Loaded Objects now: 2696.
Total: 1.625334 ms (FindLiveObjects: 0.160500 ms CreateObjectMapping: 0.043000 ms MarkObjects: 1.400917 ms  DeleteObjects: 0.020000 ms)

========================================================================
Received Prepare
Registering precompiled user dll's ...
Registered in 0.014857 seconds.
Begin MonoManager ReloadAssembly
Native extension for WindowsStandalone target not found
Native extension for OSXStandalone target not found
Refreshing native plugins compatible for Editor in 1.09 ms, found 3 plugins.
Preloading 0 native plugins for Editor in 0.00 ms.
Mono: successfully reloaded assembly
- Completed reload, in  2.368 seconds
Platform modules already initialized, skipping
Refreshing native plugins compatible for Editor in 0.91 ms, found 3 plugins.
Preloading 0 native plugins for Editor in 0.00 ms.
Unloading 2054 Unused Serialized files (Serialized files now loaded: 0)
System memory in use before: 198.3 MB.
System memory in use after: 198.4 MB.

Unloading 26 unused Assets to reduce memory usage. Loaded Objects now: 2700.
Total: 1.685500 ms (FindLiveObjects: 0.152834 ms CreateObjectMapping: 0.042917 ms MarkObjects: 1.469667 ms  DeleteObjects: 0.019291 ms)

========================================================================
Received Prepare
Registering precompiled user dll's ...
Registered in 0.004760 seconds.
Begin MonoManager ReloadAssembly
Native extension for WindowsStandalone target not found
Native extension for OSXStandalone target not found
Refreshing native plugins compatible for Editor in 0.93 ms, found 3 plugins.
Preloading 0 native plugins for Editor in 0.00 ms.
Mono: successfully reloaded assembly
- Completed reload, in  2.119 seconds
Platform modules already initialized, skipping
Refreshing native plugins compatible for Editor in 0.84 ms, found 3 plugins.
Preloading 0 native plugins for Editor in 0.00 ms.
Unloading 2054 Unused Serialized files (Serialized files now loaded: 0)
System memory in use before: 198.6 MB.
System memory in use after: 198.7 MB.

Unloading 26 unused Assets to reduce memory usage. Loaded Objects now: 2704.
Total: 1.477750 ms (FindLiveObjects: 0.135458 ms CreateObjectMapping: 0.042167 ms MarkObjects: 1.282542 ms  DeleteObjects: 0.016875 ms)

========================================================================
Received Import Request.
  Time since last request: 1501.263455 seconds.
  path: Assets/Scenes/02_Tutorial.unity
  artifactKey: Guid(471aeb97a921241c595833db0bfe3406) Importer(815301076,1909f56bfc062723c751e8b465ee728b)
Start importing Assets/Scenes/02_Tutorial.unity using Guid(471aeb97a921241c595833db0bfe3406) Importer(815301076,1909f56bfc062723c751e8b465ee728b)  -> (artifact id: '4a729ea5e9e26c5ca8ba96351daeb315') in 0.019445 seconds
  Import took 0.022991 seconds .

========================================================================
Received Import Request.
  Time since last request: 613.462099 seconds.
  path: Assets/Scenes/04_EndCredits.unity
  artifactKey: Guid(18bd1d5b4c9264b25a32d08c5c30d21a) Importer(815301076,1909f56bfc062723c751e8b465ee728b)
Start importing Assets/Scenes/04_EndCredits.unity using Guid(18bd1d5b4c9264b25a32d08c5c30d21a) Importer(815301076,1909f56bfc062723c751e8b465ee728b)  -> (artifact id: '5e9ebc2cde612ab561b1e322dc44be92') in 0.002137 seconds
  Import took 0.007640 seconds .

========================================================================
Received Import Request.
  Time since last request: 0.003047 seconds.
  path: Assets/Scenes/04_EndCredits.unity
  artifactKey: Guid(18bd1d5b4c9264b25a32d08c5c30d21a) Importer(815301076,1909f56bfc062723c751e8b465ee728b)
Start importing Assets/Scenes/04_EndCredits.unity using Guid(18bd1d5b4c9264b25a32d08c5c30d21a) Importer(815301076,1909f56bfc062723c751e8b465ee728b)  -> (artifact id: '5e9ebc2cde612ab561b1e322dc44be92') in 0.000854 seconds
  Import took 0.003194 seconds .

========================================================================
Received Prepare
Registering precompiled user dll's ...
Registered in 0.008286 seconds.
Begin MonoManager ReloadAssembly
Native extension for WindowsStandalone target not found
Native extension for OSXStandalone target not found
Refreshing native plugins compatible for Editor in 0.85 ms, found 3 plugins.
Preloading 0 native plugins for Editor in 0.00 ms.
Mono: successfully reloaded assembly
- Completed reload, in  2.116 seconds
Platform modules already initialized, skipping
Refreshing native plugins compatible for Editor in 0.83 ms, found 3 plugins.
Preloading 0 native plugins for Editor in 0.00 ms.
Unloading 2054 Unused Serialized files (Serialized files now loaded: 0)
System memory in use before: 198.9 MB.
System memory in use after: 199.1 MB.

Unloading 26 unused Assets to reduce memory usage. Loaded Objects now: 2708.
Total: 1.549333 ms (FindLiveObjects: 0.166625 ms CreateObjectMapping: 0.041625 ms MarkObjects: 1.320292 ms  DeleteObjects: 0.020125 ms)

========================================================================
Received Prepare
Registering precompiled user dll's ...
Registered in 0.008808 seconds.
Begin MonoManager ReloadAssembly
Native extension for WindowsStandalone target not found
Native extension for OSXStandalone target not found
Refreshing native plugins compatible for Editor in 0.87 ms, found 3 plugins.
Preloading 0 native plugins for Editor in 0.00 ms.
Mono: successfully reloaded assembly
- Completed reload, in  2.079 seconds
Platform modules already initialized, skipping
Refreshing native plugins compatible for Editor in 0.88 ms, found 3 plugins.
Preloading 0 native plugins for Editor in 0.00 ms.
Unloading 2054 Unused Serialized files (Serialized files now loaded: 0)
System memory in use before: 199.4 MB.
System memory in use after: 199.6 MB.

Unloading 26 unused Assets to reduce memory usage. Loaded Objects now: 2712.
Total: 1.568083 ms (FindLiveObjects: 0.185750 ms CreateObjectMapping: 0.044167 ms MarkObjects: 1.311042 ms  DeleteObjects: 0.026333 ms)

========================================================================
Received Import Request.
  Time since last request: 4516.794598 seconds.
  path: Assets/Timeline/Credits.playable
  artifactKey: Guid(b1c0063bf46f043e889f343f716ab194) Importer(815301076,1909f56bfc062723c751e8b465ee728b)
Start importing Assets/Timeline/Credits.playable using Guid(b1c0063bf46f043e889f343f716ab194) Importer(815301076,1909f56bfc062723c751e8b465ee728b)  -> (artifact id: '48e572c15622f69cdc424b40d895752f') in 0.047199 seconds
  Import took 0.050304 seconds .

========================================================================
Received Import Request.
  Time since last request: 0.006722 seconds.
  path: Assets/Timeline/Credits.playable
  artifactKey: Guid(b1c0063bf46f043e889f343f716ab194) Importer(815301076,1909f56bfc062723c751e8b465ee728b)
Start importing Assets/Timeline/Credits.playable using Guid(b1c0063bf46f043e889f343f716ab194) Importer(815301076,1909f56bfc062723c751e8b465ee728b)  -> (artifact id: '48e572c15622f69cdc424b40d895752f') in 0.007814 seconds
  Import took 0.010562 seconds .

========================================================================
Received Import Request.
  Time since last request: 833.762155 seconds.
  path: Assets/Scripts/Tutorial/Intro.cs
  artifactKey: Guid(5cd9e4a85fd534562b16d47bed029043) Importer(815301076,1909f56bfc062723c751e8b465ee728b)
Start importing Assets/Scripts/Tutorial/Intro.cs using Guid(5cd9e4a85fd534562b16d47bed029043) Importer(815301076,1909f56bfc062723c751e8b465ee728b)  -> (artifact id: '09b5b8dcd957e8c668ed111a85cfd819') in 0.002455 seconds
  Import took 0.005926 seconds .

========================================================================
Received Import Request.
  Time since last request: 0.006804 seconds.
  path: Assets/Scripts/Tutorial/Intro.cs
  artifactKey: Guid(5cd9e4a85fd534562b16d47bed029043) Importer(815301076,1909f56bfc062723c751e8b465ee728b)
Start importing Assets/Scripts/Tutorial/Intro.cs using Guid(5cd9e4a85fd534562b16d47bed029043) Importer(815301076,1909f56bfc062723c751e8b465ee728b)  -> (artifact id: '09b5b8dcd957e8c668ed111a85cfd819') in 0.001098 seconds
  Import took 0.003970 seconds .

========================================================================
Received Import Request.
  Time since last request: 55.573687 seconds.
  path: Assets/Scripts/Tutorial/Intro.cs
  artifactKey: Guid(5cd9e4a85fd534562b16d47bed029043) Importer(815301076,1909f56bfc062723c751e8b465ee728b)
Start importing Assets/Scripts/Tutorial/Intro.cs using Guid(5cd9e4a85fd534562b16d47bed029043) Importer(815301076,1909f56bfc062723c751e8b465ee728b)  -> (artifact id: '48c5b8479f97b5fd13473e3720ee9209') in 0.001209 seconds
  Import took 0.004393 seconds .

========================================================================
Received Prepare
Registering precompiled user dll's ...
Registered in 0.004684 seconds.
Begin MonoManager ReloadAssembly
Native extension for WindowsStandalone target not found
Native extension for OSXStandalone target not found
Refreshing native plugins compatible for Editor in 0.89 ms, found 3 plugins.
Preloading 0 native plugins for Editor in 0.00 ms.
Mono: successfully reloaded assembly
- Completed reload, in  2.096 seconds
Platform modules already initialized, skipping
Refreshing native plugins compatible for Editor in 0.82 ms, found 3 plugins.
Preloading 0 native plugins for Editor in 0.00 ms.
Unloading 2054 Unused Serialized files (Serialized files now loaded: 0)
System memory in use before: 199.6 MB.
System memory in use after: 199.9 MB.

Unloading 26 unused Assets to reduce memory usage. Loaded Objects now: 2716.
Total: 1.512125 ms (FindLiveObjects: 0.139459 ms CreateObjectMapping: 0.042042 ms MarkObjects: 1.311791 ms  DeleteObjects: 0.018125 ms)

========================================================================
Received Import Request.
  Time since last request: 154.290849 seconds.
  path: Assets/Scripts/Tutorial/Intro.cs
  artifactKey: Guid(5cd9e4a85fd534562b16d47bed029043) Importer(815301076,1909f56bfc062723c751e8b465ee728b)
Start importing Assets/Scripts/Tutorial/Intro.cs using Guid(5cd9e4a85fd534562b16d47bed029043) Importer(815301076,1909f56bfc062723c751e8b465ee728b)  -> (artifact id: '5a1edcad9d0c631e3d2147c36a2b74b9') in 0.017086 seconds
  Import took 0.029137 seconds .

========================================================================
Received Prepare
Registering precompiled user dll's ...
Registered in 0.004306 seconds.
Begin MonoManager ReloadAssembly
Native extension for WindowsStandalone target not found
Native extension for OSXStandalone target not found
Refreshing native plugins compatible for Editor in 0.89 ms, found 3 plugins.
Preloading 0 native plugins for Editor in 0.00 ms.
Mono: successfully reloaded assembly
- Completed reload, in  2.219 seconds
Platform modules already initialized, skipping
Refreshing native plugins compatible for Editor in 0.83 ms, found 3 plugins.
Preloading 0 native plugins for Editor in 0.00 ms.
Unloading 2054 Unused Serialized files (Serialized files now loaded: 0)
System memory in use before: 199.9 MB.
System memory in use after: 200.1 MB.

Unloading 26 unused Assets to reduce memory usage. Loaded Objects now: 2720.
Total: 1.630875 ms (FindLiveObjects: 0.199500 ms CreateObjectMapping: 0.042333 ms MarkObjects: 1.367333 ms  DeleteObjects: 0.020875 ms)

========================================================================
Received Prepare
Registering precompiled user dll's ...
Registered in 0.004966 seconds.
Begin MonoManager ReloadAssembly
Native extension for WindowsStandalone target not found
Native extension for OSXStandalone target not found
Refreshing native plugins compatible for Editor in 0.89 ms, found 3 plugins.
Preloading 0 native plugins for Editor in 0.00 ms.
Mono: successfully reloaded assembly
- Completed reload, in  2.162 seconds
Platform modules already initialized, skipping
Refreshing native plugins compatible for Editor in 0.84 ms, found 3 plugins.
Preloading 0 native plugins for Editor in 0.00 ms.
Unloading 2054 Unused Serialized files (Serialized files now loaded: 0)
System memory in use before: 200.1 MB.
System memory in use after: 200.3 MB.

Unloading 26 unused Assets to reduce memory usage. Loaded Objects now: 2724.
Total: 1.489000 ms (FindLiveObjects: 0.133500 ms CreateObjectMapping: 0.041041 ms MarkObjects: 1.296458 ms  DeleteObjects: 0.017500 ms)

========================================================================
Received Import Request.
  Time since last request: 83.935490 seconds.
  path: Assets/Scenes/01_Intro.unity
  artifactKey: Guid(e54e5338325ad4f0d9ecb9d24c6a3cc3) Importer(815301076,1909f56bfc062723c751e8b465ee728b)
Start importing Assets/Scenes/01_Intro.unity using Guid(e54e5338325ad4f0d9ecb9d24c6a3cc3) Importer(815301076,1909f56bfc062723c751e8b465ee728b)  -> (artifact id: 'b5cb744b5a3489583eb102855f04930e') in 0.014334 seconds
  Import took 0.017177 seconds .

========================================================================
Received Import Request.
  Time since last request: 113.488960 seconds.
  path: Assets/Scenes/01_Intro.unity
  artifactKey: Guid(e54e5338325ad4f0d9ecb9d24c6a3cc3) Importer(815301076,1909f56bfc062723c751e8b465ee728b)
Start importing Assets/Scenes/01_Intro.unity using Guid(e54e5338325ad4f0d9ecb9d24c6a3cc3) Importer(815301076,1909f56bfc062723c751e8b465ee728b)  -> (artifact id: 'd4aea3a0577bc99bd95e1b6d7730063e') in 0.001613 seconds
  Import took 0.004384 seconds .

========================================================================
Received Import Request.
  Time since last request: 560.898441 seconds.
  path: Assets/Scenes/04_EndCredits.unity
  artifactKey: Guid(18bd1d5b4c9264b25a32d08c5c30d21a) Importer(815301076,1909f56bfc062723c751e8b465ee728b)
Start importing Assets/Scenes/04_EndCredits.unity using Guid(18bd1d5b4c9264b25a32d08c5c30d21a) Importer(815301076,1909f56bfc062723c751e8b465ee728b)  -> (artifact id: '156c442ba1e7e065a287730d28036a31') in 0.001534 seconds
  Import took 0.005582 seconds .

========================================================================
Received Import Request.
  Time since last request: 0.000799 seconds.
  path: Assets/Scenes/04_EndCredits.unity
  artifactKey: Guid(18bd1d5b4c9264b25a32d08c5c30d21a) Importer(815301076,1909f56bfc062723c751e8b465ee728b)
Start importing Assets/Scenes/04_EndCredits.unity using Guid(18bd1d5b4c9264b25a32d08c5c30d21a) Importer(815301076,1909f56bfc062723c751e8b465ee728b)  -> (artifact id: '156c442ba1e7e065a287730d28036a31') in 0.001335 seconds
  Import took 0.004828 seconds .

========================================================================
Received Prepare
Registering precompiled user dll's ...
Registered in 0.003457 seconds.
Begin MonoManager ReloadAssembly
Native extension for WindowsStandalone target not found
Native extension for OSXStandalone target not found
Refreshing native plugins compatible for Editor in 0.85 ms, found 3 plugins.
Preloading 0 native plugins for Editor in 0.00 ms.
Mono: successfully reloaded assembly
- Completed reload, in  1.982 seconds
Platform modules already initialized, skipping
Refreshing native plugins compatible for Editor in 0.81 ms, found 3 plugins.
Preloading 0 native plugins for Editor in 0.00 ms.
Unloading 2054 Unused Serialized files (Serialized files now loaded: 0)
System memory in use before: 200.3 MB.
System memory in use after: 200.5 MB.

Unloading 26 unused Assets to reduce memory usage. Loaded Objects now: 2728.
Total: 1.455291 ms (FindLiveObjects: 0.137459 ms CreateObjectMapping: 0.041083 ms MarkObjects: 1.260791 ms  DeleteObjects: 0.015375 ms)

========================================================================
Received Prepare
Registering precompiled user dll's ...
Registered in 0.002660 seconds.
Begin MonoManager ReloadAssembly
Native extension for WindowsStandalone target not found
Native extension for OSXStandalone target not found
Refreshing native plugins compatible for Editor in 0.95 ms, found 3 plugins.
Preloading 0 native plugins for Editor in 0.00 ms.
Mono: successfully reloaded assembly
- Completed reload, in  1.997 seconds
Platform modules already initialized, skipping
Refreshing native plugins compatible for Editor in 0.76 ms, found 3 plugins.
Preloading 0 native plugins for Editor in 0.00 ms.
Unloading 2054 Unused Serialized files (Serialized files now loaded: 0)
System memory in use before: 200.5 MB.
System memory in use after: 200.8 MB.

Unloading 26 unused Assets to reduce memory usage. Loaded Objects now: 2732.
Total: 1.439000 ms (FindLiveObjects: 0.137541 ms CreateObjectMapping: 0.039708 ms MarkObjects: 1.244042 ms  DeleteObjects: 0.017041 ms)

========================================================================
Received Prepare
Registering precompiled user dll's ...
Registered in 0.002779 seconds.
Begin MonoManager ReloadAssembly
Native extension for WindowsStandalone target not found
Native extension for OSXStandalone target not found
Refreshing native plugins compatible for Editor in 0.84 ms, found 3 plugins.
Preloading 0 native plugins for Editor in 0.00 ms.
Mono: successfully reloaded assembly
- Completed reload, in  1.992 seconds
Platform modules already initialized, skipping
Refreshing native plugins compatible for Editor in 0.69 ms, found 3 plugins.
Preloading 0 native plugins for Editor in 0.00 ms.
Unloading 2054 Unused Serialized files (Serialized files now loaded: 0)
System memory in use before: 200.8 MB.
System memory in use after: 201.0 MB.

Unloading 26 unused Assets to reduce memory usage. Loaded Objects now: 2736.
Total: 1.460666 ms (FindLiveObjects: 0.125333 ms CreateObjectMapping: 0.040209 ms MarkObjects: 1.275584 ms  DeleteObjects: 0.018916 ms)

========================================================================
Received Prepare
Registering precompiled user dll's ...
Registered in 0.002658 seconds.
Begin MonoManager ReloadAssembly
Native extension for WindowsStandalone target not found
Native extension for OSXStandalone target not found
Refreshing native plugins compatible for Editor in 0.85 ms, found 3 plugins.
Preloading 0 native plugins for Editor in 0.00 ms.
Mono: successfully reloaded assembly
- Completed reload, in  1.969 seconds
Platform modules already initialized, skipping
Refreshing native plugins compatible for Editor in 0.76 ms, found 3 plugins.
Preloading 0 native plugins for Editor in 0.00 ms.
Unloading 2054 Unused Serialized files (Serialized files now loaded: 0)
System memory in use before: 201.0 MB.
System memory in use after: 201.2 MB.

Unloading 26 unused Assets to reduce memory usage. Loaded Objects now: 2740.
Total: 1.457625 ms (FindLiveObjects: 0.137709 ms CreateObjectMapping: 0.040416 ms MarkObjects: 1.259958 ms  DeleteObjects: 0.019083 ms)

========================================================================
Received Import Request.
  Time since last request: 392.641678 seconds.
  path: Assets/Scenes/01_Intro.unity
  artifactKey: Guid(e54e5338325ad4f0d9ecb9d24c6a3cc3) Importer(815301076,1909f56bfc062723c751e8b465ee728b)
Start importing Assets/Scenes/01_Intro.unity using Guid(e54e5338325ad4f0d9ecb9d24c6a3cc3) Importer(815301076,1909f56bfc062723c751e8b465ee728b)  -> (artifact id: 'b6391731147f4f38a4e853a813f923c8') in 0.019198 seconds
  Import took 0.025901 seconds .

========================================================================
Received Prepare
Registering precompiled user dll's ...
Registered in 0.006515 seconds.
Begin MonoManager ReloadAssembly
Native extension for WindowsStandalone target not found
Native extension for OSXStandalone target not found
Refreshing native plugins compatible for Editor in 0.91 ms, found 3 plugins.
Preloading 0 native plugins for Editor in 0.00 ms.
Mono: successfully reloaded assembly
- Completed reload, in  2.020 seconds
Platform modules already initialized, skipping
Refreshing native plugins compatible for Editor in 0.81 ms, found 3 plugins.
Preloading 0 native plugins for Editor in 0.00 ms.
Unloading 2054 Unused Serialized files (Serialized files now loaded: 0)
System memory in use before: 201.2 MB.
System memory in use after: 201.5 MB.

Unloading 26 unused Assets to reduce memory usage. Loaded Objects now: 2744.
Total: 1.533458 ms (FindLiveObjects: 0.147583 ms CreateObjectMapping: 0.042208 ms MarkObjects: 1.322750 ms  DeleteObjects: 0.020250 ms)

========================================================================
Received Prepare
Registering precompiled user dll's ...
Registered in 0.006796 seconds.
Begin MonoManager ReloadAssembly
Native extension for WindowsStandalone target not found
Native extension for OSXStandalone target not found
Refreshing native plugins compatible for Editor in 0.89 ms, found 3 plugins.
Preloading 0 native plugins for Editor in 0.00 ms.
Mono: successfully reloaded assembly
- Completed reload, in  2.076 seconds
Platform modules already initialized, skipping
Refreshing native plugins compatible for Editor in 0.89 ms, found 3 plugins.
Preloading 0 native plugins for Editor in 0.00 ms.
Unloading 2054 Unused Serialized files (Serialized files now loaded: 0)
System memory in use before: 201.5 MB.
System memory in use after: 201.7 MB.

Unloading 26 unused Assets to reduce memory usage. Loaded Objects now: 2748.
Total: 1.611833 ms (FindLiveObjects: 0.152000 ms CreateObjectMapping: 0.044208 ms MarkObjects: 1.393792 ms  DeleteObjects: 0.021000 ms)

========================================================================
Received Prepare
Registering precompiled user dll's ...
Registered in 0.003890 seconds.
Begin MonoManager ReloadAssembly
Native extension for WindowsStandalone target not found
Native extension for OSXStandalone target not found
Refreshing native plugins compatible for Editor in 0.91 ms, found 3 plugins.
Preloading 0 native plugins for Editor in 0.00 ms.
Mono: successfully reloaded assembly
- Completed reload, in  2.043 seconds
Platform modules already initialized, skipping
Refreshing native plugins compatible for Editor in 0.88 ms, found 3 plugins.
Preloading 0 native plugins for Editor in 0.00 ms.
Unloading 2054 Unused Serialized files (Serialized files now loaded: 0)
System memory in use before: 201.7 MB.
System memory in use after: 201.9 MB.

Unloading 26 unused Assets to reduce memory usage. Loaded Objects now: 2752.
Total: 1.557708 ms (FindLiveObjects: 0.140042 ms CreateObjectMapping: 0.043125 ms MarkObjects: 1.356625 ms  DeleteObjects: 0.017125 ms)

========================================================================
Received Prepare
Registering precompiled user dll's ...
Registered in 0.008092 seconds.
Begin MonoManager ReloadAssembly
Native extension for WindowsStandalone target not found
Native extension for OSXStandalone target not found
Refreshing native plugins compatible for Editor in 0.86 ms, found 3 plugins.
Preloading 0 native plugins for Editor in 0.00 ms.
Mono: successfully reloaded assembly
- Completed reload, in  2.008 seconds
Platform modules already initialized, skipping
Refreshing native plugins compatible for Editor in 0.80 ms, found 3 plugins.
Preloading 0 native plugins for Editor in 0.00 ms.
Unloading 2054 Unused Serialized files (Serialized files now loaded: 0)
System memory in use before: 201.9 MB.
System memory in use after: 202.1 MB.

Unloading 26 unused Assets to reduce memory usage. Loaded Objects now: 2756.
Total: 1.487959 ms (FindLiveObjects: 0.143333 ms CreateObjectMapping: 0.043167 ms MarkObjects: 1.276500 ms  DeleteObjects: 0.024334 ms)

========================================================================
Received Import Request.
  Time since last request: 1464.257912 seconds.
  path: Assets/Scenes/04_EndCredits.unity
  artifactKey: Guid(18bd1d5b4c9264b25a32d08c5c30d21a) Importer(815301076,1909f56bfc062723c751e8b465ee728b)
Start importing Assets/Scenes/04_EndCredits.unity using Guid(18bd1d5b4c9264b25a32d08c5c30d21a) Importer(815301076,1909f56bfc062723c751e8b465ee728b)  -> (artifact id: '26506fbe1237c4398a873af6b4b27b6f') in 0.014784 seconds
  Import took 0.017703 seconds .

========================================================================
Received Import Request.
  Time since last request: 11.297053 seconds.
  path: Assets/Scenes/00_MainMenu.unity
  artifactKey: Guid(9d376e2eb1d2b43039a8910dcd992eb1) Importer(815301076,1909f56bfc062723c751e8b465ee728b)
Start importing Assets/Scenes/00_MainMenu.unity using Guid(9d376e2eb1d2b43039a8910dcd992eb1) Importer(815301076,1909f56bfc062723c751e8b465ee728b)  -> (artifact id: '6f2d7bda70020835ca2d2b5091b76818') in 0.001943 seconds
  Import took 0.004980 seconds .

