Using pre-set license

 COMMAND LINE ARGUMENTS:
/Applications/Unity/2020.3.11f1/Unity.app/Contents/MacOS/Unity
-adb2
-batchMode
-noUpm
-name
AssetImportWorker0
-projectPath
/Users/hanna/Code/Games/Unity/IslandExplorer
-logFile
Logs/AssetImportWorker0.log
-srvPort
49333
Successfully changed project path to: /Users/hanna/Code/Games/Unity/IslandExplorer
/Users/hanna/Code/Games/Unity/IslandExplorer
Using Asset Import Pipeline V2.
Refreshing native plugins compatible for Editor in 48.54 ms, found 3 plugins.
Preloading 0 native plugins for Editor in 0.00 ms.
Initialize engine version: 2020.3.11f1 (99c7afb366b3)
[Subsystems] Discovering subsystems at path /Applications/Unity/2020.3.11f1/Unity.app/Contents/Resources/UnitySubsystems
[Subsystems] Discovering subsystems at path /Users/hanna/Code/Games/Unity/IslandExplorer/Assets
GfxDevice: creating device client; threaded=0
2021-08-16 11:55:13.850 Unity[1261:25769] (null) preferred device: Apple M1 (high power)
2021-08-16 11:55:13.850 Unity[1261:25769] Metal devices available: 1
2021-08-16 11:55:13.850 Unity[1261:25769] 0: Apple M1 (high power)
2021-08-16 11:55:13.851 Unity[1261:25769] Using device Apple M1 (high power)
Initializing Metal device caps: Apple M1
Initialize mono
Mono path[0] = '/Applications/Unity/2020.3.11f1/Unity.app/Contents/Managed'
Mono path[1] = '/Applications/Unity/2020.3.11f1/Unity.app/Contents/MonoBleedingEdge/lib/mono/unityjit'
Mono config path = '/Applications/Unity/2020.3.11f1/Unity.app/Contents/MonoBleedingEdge/etc'
Using monoOptions --debugger-agent=transport=dt_socket,embedding=1,server=y,suspend=n,address=127.0.0.1:56261
Begin MonoManager ReloadAssembly
Registering precompiled unity dll's ...
Register platform support module: /Applications/Unity/2020.3.11f1/Unity.app/Contents/PlaybackEngines/MacStandaloneSupport/UnityEditor.OSXStandalone.Extensions.dll
Register platform support module: /Applications/Unity/2020.3.11f1/PlaybackEngines/WindowsStandaloneSupport/UnityEditor.WindowsStandalone.Extensions.dll
Registered in 0.001515 seconds.
Native extension for WindowsStandalone target not found
Native extension for OSXStandalone target not found
Refreshing native plugins compatible for Editor in 48.56 ms, found 3 plugins.
Preloading 0 native plugins for Editor in 0.00 ms.
Mono: successfully reloaded assembly
- Completed reload, in  2.276 seconds
Platform modules already initialized, skipping
Registering precompiled user dll's ...
Registered in 0.003435 seconds.
Begin MonoManager ReloadAssembly
Native extension for WindowsStandalone target not found
Native extension for OSXStandalone target not found
Refreshing native plugins compatible for Editor in 48.60 ms, found 3 plugins.
Preloading 0 native plugins for Editor in 0.00 ms.
Mono: successfully reloaded assembly
- Completed reload, in  2.560 seconds
Platform modules already initialized, skipping
========================================================================
Worker process is ready to serve import requests
Launching external process: /Applications/Unity/2020.3.11f1/Unity.app/Contents/Tools/UnityShaderCompiler
Launched and connected shader compiler UnityShaderCompiler after 0.03 seconds
Refreshing native plugins compatible for Editor in 0.44 ms, found 3 plugins.
Preloading 0 native plugins for Editor in 0.00 ms.
Unloading 2111 Unused Serialized files (Serialized files now loaded: 0)
System memory in use before: 173.9 MB.
System memory in use after: 174.0 MB.

Unloading 28 unused Assets to reduce memory usage. Loaded Objects now: 2550.
Total: 1.621708 ms (FindLiveObjects: 0.139792 ms CreateObjectMapping: 0.044083 ms MarkObjects: 1.367708 ms  DeleteObjects: 0.069291 ms)

========================================================================
Received Import Request.
  path: Assets/Scripts/Quests/Quest.cs
  artifactKey: Guid(df5900cc3aa2542509e6949621d919f1) Importer(815301076,1909f56bfc062723c751e8b465ee728b)
Start importing Assets/Scripts/Quests/Quest.cs using Guid(df5900cc3aa2542509e6949621d919f1) Importer(815301076,1909f56bfc062723c751e8b465ee728b)  -> (artifact id: '53b25a6929ae36ba7ba264c63789cb58') in 0.214101 seconds
  Import took 0.216890 seconds .

========================================================================
Received Prepare
Registering precompiled user dll's ...
Registered in 0.001684 seconds.
Begin MonoManager ReloadAssembly
Native extension for WindowsStandalone target not found
Native extension for OSXStandalone target not found
Refreshing native plugins compatible for Editor in 0.47 ms, found 3 plugins.
Preloading 0 native plugins for Editor in 0.00 ms.
Mono: successfully reloaded assembly
- Completed reload, in  2.060 seconds
Platform modules already initialized, skipping
Refreshing native plugins compatible for Editor in 0.34 ms, found 3 plugins.
Preloading 0 native plugins for Editor in 0.00 ms.
Unloading 2089 Unused Serialized files (Serialized files now loaded: 0)
System memory in use before: 176.6 MB.
System memory in use after: 176.7 MB.

Unloading 17 unused Assets to reduce memory usage. Loaded Objects now: 2553.
Total: 1.393625 ms (FindLiveObjects: 0.098875 ms CreateObjectMapping: 0.037625 ms MarkObjects: 1.240334 ms  DeleteObjects: 0.016041 ms)

========================================================================
Received Import Request.
  Time since last request: 33.041380 seconds.
  path: Assets/Scripts/Quests/Quest.cs
  artifactKey: Guid(df5900cc3aa2542509e6949621d919f1) Importer(815301076,1909f56bfc062723c751e8b465ee728b)
Start importing Assets/Scripts/Quests/Quest.cs using Guid(df5900cc3aa2542509e6949621d919f1) Importer(815301076,1909f56bfc062723c751e8b465ee728b)  -> (artifact id: '49eab2ad90b45e9f9b6bd9cc93afb164') in 0.007166 seconds
  Import took 0.009871 seconds .

========================================================================
Received Prepare
Registering precompiled user dll's ...
Registered in 0.002274 seconds.
Begin MonoManager ReloadAssembly
Native extension for WindowsStandalone target not found
Native extension for OSXStandalone target not found
Refreshing native plugins compatible for Editor in 0.46 ms, found 3 plugins.
Preloading 0 native plugins for Editor in 0.00 ms.
Mono: successfully reloaded assembly
- Completed reload, in  2.051 seconds
Platform modules already initialized, skipping
Refreshing native plugins compatible for Editor in 0.44 ms, found 3 plugins.
Preloading 0 native plugins for Editor in 0.00 ms.
Unloading 2089 Unused Serialized files (Serialized files now loaded: 0)
System memory in use before: 176.8 MB.
System memory in use after: 176.9 MB.

Unloading 17 unused Assets to reduce memory usage. Loaded Objects now: 2556.
Total: 1.416208 ms (FindLiveObjects: 0.105709 ms CreateObjectMapping: 0.039375 ms MarkObjects: 1.254500 ms  DeleteObjects: 0.016000 ms)

========================================================================
Received Import Request.
  Time since last request: 13.540695 seconds.
  path: Assets/Scripts/Quests/QuestGiver.cs
  artifactKey: Guid(77883415d1c6b46f8a4f857ff93380f8) Importer(815301076,1909f56bfc062723c751e8b465ee728b)
Start importing Assets/Scripts/Quests/QuestGiver.cs using Guid(77883415d1c6b46f8a4f857ff93380f8) Importer(815301076,1909f56bfc062723c751e8b465ee728b)  -> (artifact id: 'c810f981046099bf3b2377f0eb569124') in 0.005948 seconds
  Import took 0.008492 seconds .

========================================================================
Received Import Request.
  Time since last request: 0.005600 seconds.
  path: Assets/Scripts/Quests/QuestGiver.cs
  artifactKey: Guid(77883415d1c6b46f8a4f857ff93380f8) Importer(815301076,1909f56bfc062723c751e8b465ee728b)
Start importing Assets/Scripts/Quests/QuestGiver.cs using Guid(77883415d1c6b46f8a4f857ff93380f8) Importer(815301076,1909f56bfc062723c751e8b465ee728b)  -> (artifact id: 'c810f981046099bf3b2377f0eb569124') in 0.002071 seconds
  Import took 0.004524 seconds .

========================================================================
Received Prepare
Registering precompiled user dll's ...
Registered in 0.002537 seconds.
Begin MonoManager ReloadAssembly
Native extension for WindowsStandalone target not found
Native extension for OSXStandalone target not found
Refreshing native plugins compatible for Editor in 0.45 ms, found 3 plugins.
Preloading 0 native plugins for Editor in 0.00 ms.
Mono: successfully reloaded assembly
- Completed reload, in  2.298 seconds
Platform modules already initialized, skipping
Refreshing native plugins compatible for Editor in 0.55 ms, found 3 plugins.
Preloading 0 native plugins for Editor in 0.00 ms.
Unloading 2089 Unused Serialized files (Serialized files now loaded: 0)
System memory in use before: 177.1 MB.
System memory in use after: 177.2 MB.

Unloading 17 unused Assets to reduce memory usage. Loaded Objects now: 2559.
Total: 1.690584 ms (FindLiveObjects: 0.182000 ms CreateObjectMapping: 0.043625 ms MarkObjects: 1.446125 ms  DeleteObjects: 0.017667 ms)

========================================================================
Received Prepare
Registering precompiled user dll's ...
Registered in 0.003961 seconds.
Begin MonoManager ReloadAssembly
Native extension for WindowsStandalone target not found
Native extension for OSXStandalone target not found
Refreshing native plugins compatible for Editor in 0.50 ms, found 3 plugins.
Preloading 0 native plugins for Editor in 0.00 ms.
Mono: successfully reloaded assembly
- Completed reload, in  2.128 seconds
Platform modules already initialized, skipping
Refreshing native plugins compatible for Editor in 0.39 ms, found 3 plugins.
Preloading 0 native plugins for Editor in 0.00 ms.
Unloading 2089 Unused Serialized files (Serialized files now loaded: 0)
System memory in use before: 177.3 MB.
System memory in use after: 177.4 MB.

Unloading 17 unused Assets to reduce memory usage. Loaded Objects now: 2562.
Total: 1.421166 ms (FindLiveObjects: 0.099042 ms CreateObjectMapping: 0.039875 ms MarkObjects: 1.265208 ms  DeleteObjects: 0.016209 ms)

========================================================================
Received Prepare
Registering precompiled user dll's ...
Registered in 0.002382 seconds.
Begin MonoManager ReloadAssembly
Native extension for WindowsStandalone target not found
Native extension for OSXStandalone target not found
Refreshing native plugins compatible for Editor in 0.46 ms, found 3 plugins.
Preloading 0 native plugins for Editor in 0.00 ms.
Mono: successfully reloaded assembly
- Completed reload, in  2.095 seconds
Platform modules already initialized, skipping
Refreshing native plugins compatible for Editor in 0.44 ms, found 3 plugins.
Preloading 0 native plugins for Editor in 0.00 ms.
Unloading 2089 Unused Serialized files (Serialized files now loaded: 0)
System memory in use before: 177.5 MB.
System memory in use after: 177.6 MB.

Unloading 17 unused Assets to reduce memory usage. Loaded Objects now: 2565.
Total: 1.461042 ms (FindLiveObjects: 0.107625 ms CreateObjectMapping: 0.040500 ms MarkObjects: 1.296250 ms  DeleteObjects: 0.015750 ms)

========================================================================
Received Prepare
Registering precompiled user dll's ...
Registered in 0.005395 seconds.
Begin MonoManager ReloadAssembly
Native extension for WindowsStandalone target not found
Native extension for OSXStandalone target not found
Refreshing native plugins compatible for Editor in 0.52 ms, found 3 plugins.
Preloading 0 native plugins for Editor in 0.00 ms.
Mono: successfully reloaded assembly
- Completed reload, in  2.311 seconds
Platform modules already initialized, skipping
Refreshing native plugins compatible for Editor in 0.50 ms, found 3 plugins.
Preloading 0 native plugins for Editor in 0.00 ms.
Unloading 2089 Unused Serialized files (Serialized files now loaded: 0)
System memory in use before: 177.7 MB.
System memory in use after: 177.9 MB.

Unloading 17 unused Assets to reduce memory usage. Loaded Objects now: 2568.
Total: 1.619542 ms (FindLiveObjects: 0.155709 ms CreateObjectMapping: 0.044291 ms MarkObjects: 1.402000 ms  DeleteObjects: 0.016625 ms)

========================================================================
Received Prepare
Registering precompiled user dll's ...
Registered in 0.002419 seconds.
Begin MonoManager ReloadAssembly
Native extension for WindowsStandalone target not found
Native extension for OSXStandalone target not found
Refreshing native plugins compatible for Editor in 0.46 ms, found 3 plugins.
Preloading 0 native plugins for Editor in 0.00 ms.
Mono: successfully reloaded assembly
- Completed reload, in  2.067 seconds
Platform modules already initialized, skipping
Refreshing native plugins compatible for Editor in 0.40 ms, found 3 plugins.
Preloading 0 native plugins for Editor in 0.00 ms.
Unloading 2089 Unused Serialized files (Serialized files now loaded: 0)
System memory in use before: 177.9 MB.
System memory in use after: 178.1 MB.

Unloading 17 unused Assets to reduce memory usage. Loaded Objects now: 2571.
Total: 1.386500 ms (FindLiveObjects: 0.100625 ms CreateObjectMapping: 0.039292 ms MarkObjects: 1.233334 ms  DeleteObjects: 0.012583 ms)

========================================================================
Received Prepare
Registering precompiled user dll's ...
Registered in 0.004012 seconds.
Begin MonoManager ReloadAssembly
Native extension for WindowsStandalone target not found
Native extension for OSXStandalone target not found
Refreshing native plugins compatible for Editor in 0.46 ms, found 3 plugins.
Preloading 0 native plugins for Editor in 0.00 ms.
Mono: successfully reloaded assembly
- Completed reload, in  2.094 seconds
Platform modules already initialized, skipping
Refreshing native plugins compatible for Editor in 0.45 ms, found 3 plugins.
Preloading 0 native plugins for Editor in 0.00 ms.
Unloading 2089 Unused Serialized files (Serialized files now loaded: 0)
System memory in use before: 178.2 MB.
System memory in use after: 178.3 MB.

Unloading 17 unused Assets to reduce memory usage. Loaded Objects now: 2574.
Total: 1.483834 ms (FindLiveObjects: 0.145833 ms CreateObjectMapping: 0.041000 ms MarkObjects: 1.282083 ms  DeleteObjects: 0.014209 ms)

========================================================================
Received Prepare
Registering precompiled user dll's ...
Registered in 0.003769 seconds.
Begin MonoManager ReloadAssembly
Native extension for WindowsStandalone target not found
Native extension for OSXStandalone target not found
Refreshing native plugins compatible for Editor in 0.45 ms, found 3 plugins.
Preloading 0 native plugins for Editor in 0.00 ms.
Mono: successfully reloaded assembly
- Completed reload, in  2.013 seconds
Platform modules already initialized, skipping
Refreshing native plugins compatible for Editor in 0.40 ms, found 3 plugins.
Preloading 0 native plugins for Editor in 0.00 ms.
Unloading 2089 Unused Serialized files (Serialized files now loaded: 0)
System memory in use before: 178.4 MB.
System memory in use after: 178.5 MB.

Unloading 17 unused Assets to reduce memory usage. Loaded Objects now: 2577.
Total: 1.408667 ms (FindLiveObjects: 0.102042 ms CreateObjectMapping: 0.038917 ms MarkObjects: 1.250542 ms  DeleteObjects: 0.016208 ms)

========================================================================
Received Import Request.
  Time since last request: 5238.255465 seconds.
  path: Assets/Scripts/Quests/Quest.cs
  artifactKey: Guid(df5900cc3aa2542509e6949621d919f1) Importer(815301076,1909f56bfc062723c751e8b465ee728b)
Start importing Assets/Scripts/Quests/Quest.cs using Guid(df5900cc3aa2542509e6949621d919f1) Importer(815301076,1909f56bfc062723c751e8b465ee728b)  -> (artifact id: 'c4dbb1b93de2ef5f541195a1c8b43e29') in 0.007179 seconds
  Import took 0.009749 seconds .

========================================================================
Received Import Request.
  Time since last request: 48.592894 seconds.
  path: Assets/Sprites/Fantasy Wooden GUI  Free/normal_ui_set A
  artifactKey: Guid(fb0793ba43ead8c4a89d62e19ce3e04e) Importer(815301076,1909f56bfc062723c751e8b465ee728b)
Start importing Assets/Sprites/Fantasy Wooden GUI  Free/normal_ui_set A using Guid(fb0793ba43ead8c4a89d62e19ce3e04e) Importer(815301076,1909f56bfc062723c751e8b465ee728b)  -> (artifact id: 'b7569aa016201c5b7250d6736c84d377') in 0.001060 seconds
  Import took 0.003993 seconds .

========================================================================
Received Import Request.
  Time since last request: 14.527921 seconds.
  path: Assets/Sprites/Tiny RPG Forest/Artwork/Environment/tileset-sliced.png
  artifactKey: Guid(95d22684aba5646d79a26b3287a692b6) Importer(815301076,1909f56bfc062723c751e8b465ee728b)
Start importing Assets/Sprites/Tiny RPG Forest/Artwork/Environment/tileset-sliced.png using Guid(95d22684aba5646d79a26b3287a692b6) Importer(815301076,1909f56bfc062723c751e8b465ee728b)  -> (artifact id: '8b2483eb8c32c9c3700ee03efd72382c') in 1.286641 seconds
  Import took 1.290965 seconds .

========================================================================
Received Import Request.
  Time since last request: 0.000234 seconds.
  path: Assets/Sprites/Tiny RPG Forest/Artwork/Environment/tileset.png
  artifactKey: Guid(fa9008ba27d044823835d85918621932) Importer(815301076,1909f56bfc062723c751e8b465ee728b)
Start importing Assets/Sprites/Tiny RPG Forest/Artwork/Environment/tileset.png using Guid(fa9008ba27d044823835d85918621932) Importer(815301076,1909f56bfc062723c751e8b465ee728b)  -> (artifact id: '075498f9c2350b5fe702f50d26e5ef83') in 0.352383 seconds
  Import took 0.355349 seconds .

========================================================================
Received Import Request.
  Time since last request: 197.518184 seconds.
  path: Assets/ScriptableObjects/Items/Monument.asset
  artifactKey: Guid(331023da9b37c4e049d5465afd0f6989) Importer(815301076,1909f56bfc062723c751e8b465ee728b)
Start importing Assets/ScriptableObjects/Items/Monument.asset using Guid(331023da9b37c4e049d5465afd0f6989) Importer(815301076,1909f56bfc062723c751e8b465ee728b)  -> (artifact id: '50a8a0fc39df8f184bf27423b5d23ae7') in 0.544625 seconds
  Import took 0.547250 seconds .

========================================================================
Received Prepare
Registering precompiled user dll's ...
Registered in 0.003678 seconds.
Begin MonoManager ReloadAssembly
Native extension for WindowsStandalone target not found
Native extension for OSXStandalone target not found
Refreshing native plugins compatible for Editor in 0.46 ms, found 3 plugins.
Preloading 0 native plugins for Editor in 0.00 ms.
Mono: successfully reloaded assembly
- Completed reload, in  2.152 seconds
Platform modules already initialized, skipping
Refreshing native plugins compatible for Editor in 0.43 ms, found 3 plugins.
Preloading 0 native plugins for Editor in 0.00 ms.
Unloading 2089 Unused Serialized files (Serialized files now loaded: 0)
System memory in use before: 191.9 MB.
System memory in use after: 192.0 MB.

Unloading 17 unused Assets to reduce memory usage. Loaded Objects now: 2589.
Total: 1.407292 ms (FindLiveObjects: 0.111542 ms CreateObjectMapping: 0.039042 ms MarkObjects: 1.237750 ms  DeleteObjects: 0.018208 ms)

========================================================================
Received Import Request.
  Time since last request: 567.804587 seconds.
  path: Assets/Prefabs/Item-Prefab.prefab
  artifactKey: Guid(020115670819242e79fac98ed541efc3) Importer(815301076,1909f56bfc062723c751e8b465ee728b)
Start importing Assets/Prefabs/Item-Prefab.prefab using Guid(020115670819242e79fac98ed541efc3) Importer(815301076,1909f56bfc062723c751e8b465ee728b)  -> (artifact id: '77dee5992a277c940bd602a919dbe788') in 0.392677 seconds
  Import took 0.396727 seconds .

========================================================================
Received Prepare
Registering precompiled user dll's ...
Registered in 0.002520 seconds.
Begin MonoManager ReloadAssembly
Native extension for WindowsStandalone target not found
Native extension for OSXStandalone target not found
Refreshing native plugins compatible for Editor in 0.45 ms, found 3 plugins.
Preloading 0 native plugins for Editor in 0.00 ms.
Mono: successfully reloaded assembly
- Completed reload, in  2.045 seconds
Platform modules already initialized, skipping
Refreshing native plugins compatible for Editor in 0.43 ms, found 3 plugins.
Preloading 0 native plugins for Editor in 0.00 ms.
Unloading 2089 Unused Serialized files (Serialized files now loaded: 0)
System memory in use before: 196.5 MB.
System memory in use after: 196.7 MB.

Unloading 17 unused Assets to reduce memory usage. Loaded Objects now: 2597.
Total: 1.390708 ms (FindLiveObjects: 0.109375 ms CreateObjectMapping: 0.039417 ms MarkObjects: 1.224708 ms  DeleteObjects: 0.016500 ms)

========================================================================
Received Import Request.
  Time since last request: 246.919068 seconds.
  path: Assets/Sprites/Eigene/Items/gloves.png.png
  artifactKey: Guid(708c7c576ebe84b5e937bdd65c636b2b) Importer(815301076,1909f56bfc062723c751e8b465ee728b)
Start importing Assets/Sprites/Eigene/Items/gloves.png.png using Guid(708c7c576ebe84b5e937bdd65c636b2b) Importer(815301076,1909f56bfc062723c751e8b465ee728b)  -> (artifact id: 'a9096cc5bf7c143cb65d06709aa391fb') in 0.120858 seconds
  Import took 0.123571 seconds .

========================================================================
Received Import Request.
  Time since last request: 0.006399 seconds.
  path: Assets/Sprites/Eigene/Items/gloves.png.png
  artifactKey: Guid(708c7c576ebe84b5e937bdd65c636b2b) Importer(815301076,1909f56bfc062723c751e8b465ee728b)
Start importing Assets/Sprites/Eigene/Items/gloves.png.png using Guid(708c7c576ebe84b5e937bdd65c636b2b) Importer(815301076,1909f56bfc062723c751e8b465ee728b)  -> (artifact id: 'a9096cc5bf7c143cb65d06709aa391fb') in 0.008830 seconds
  Import took 0.011306 seconds .

========================================================================
Received Import Request.
  Time since last request: 26.044804 seconds.
  path: Packages/com.unity.2d.sprite/Editor/ObjectMenuCreation/DefaultAssets/Textures/Square.png
  artifactKey: Guid(48e93eef0688c4a259cb0eddcd8661f7) Importer(815301076,1909f56bfc062723c751e8b465ee728b)
Start importing Packages/com.unity.2d.sprite/Editor/ObjectMenuCreation/DefaultAssets/Textures/Square.png using Guid(48e93eef0688c4a259cb0eddcd8661f7) Importer(815301076,1909f56bfc062723c751e8b465ee728b)  -> (artifact id: '67f9d2c87602c9de665cd5edc8b46197') in 0.009242 seconds
  Import took 0.011981 seconds .

========================================================================
Received Import Request.
  Time since last request: 0.009532 seconds.
  path: Packages/com.unity.2d.sprite/Editor/ObjectMenuCreation/DefaultAssets/Textures/Square.png
  artifactKey: Guid(48e93eef0688c4a259cb0eddcd8661f7) Importer(815301076,1909f56bfc062723c751e8b465ee728b)
Start importing Packages/com.unity.2d.sprite/Editor/ObjectMenuCreation/DefaultAssets/Textures/Square.png using Guid(48e93eef0688c4a259cb0eddcd8661f7) Importer(815301076,1909f56bfc062723c751e8b465ee728b)  -> (artifact id: '67f9d2c87602c9de665cd5edc8b46197') in 0.007064 seconds
  Import took 0.009767 seconds .

========================================================================
Received Import Request.
  Time since last request: 20.705769 seconds.
  path: Assets/Sprites/Eigene/Items/gloves.png.png
  artifactKey: Guid(708c7c576ebe84b5e937bdd65c636b2b) Importer(815301076,1909f56bfc062723c751e8b465ee728b)
Start importing Assets/Sprites/Eigene/Items/gloves.png.png using Guid(708c7c576ebe84b5e937bdd65c636b2b) Importer(815301076,1909f56bfc062723c751e8b465ee728b)  -> (artifact id: '4394b0eb66816f73e86e30bac9f18a1a') in 0.006699 seconds
  Import took 0.009379 seconds .

========================================================================
Received Import Request.
  Time since last request: 15.738402 seconds.
  path: Assets/Sprites/Eigene/Items/gloves.png.png
  artifactKey: Guid(708c7c576ebe84b5e937bdd65c636b2b) Importer(815301076,1909f56bfc062723c751e8b465ee728b)
Start importing Assets/Sprites/Eigene/Items/gloves.png.png using Guid(708c7c576ebe84b5e937bdd65c636b2b) Importer(815301076,1909f56bfc062723c751e8b465ee728b)  -> (artifact id: 'f442f8a7659951369e00360781247fe4') in 0.006594 seconds
  Import took 0.009314 seconds .

========================================================================
Received Import Request.
  Time since last request: 65.036898 seconds.
  path: Assets/ScriptableObjects/Items/Gloves.asset
  artifactKey: Guid(903e66dbf6ebe4205a4c762609b900f0) Importer(815301076,1909f56bfc062723c751e8b465ee728b)
Start importing Assets/ScriptableObjects/Items/Gloves.asset using Guid(903e66dbf6ebe4205a4c762609b900f0) Importer(815301076,1909f56bfc062723c751e8b465ee728b)  -> (artifact id: '5ba9f57793f6768b68a261f4a3fb0c07') in 0.003093 seconds
  Import took 0.005961 seconds .

========================================================================
Received Import Request.
  Time since last request: 9.808178 seconds.
  path: Assets/ScriptableObjects/Items/Gloves.asset
  artifactKey: Guid(903e66dbf6ebe4205a4c762609b900f0) Importer(815301076,1909f56bfc062723c751e8b465ee728b)
Start importing Assets/ScriptableObjects/Items/Gloves.asset using Guid(903e66dbf6ebe4205a4c762609b900f0) Importer(815301076,1909f56bfc062723c751e8b465ee728b)  -> (artifact id: '3a9999c0dc9ed9820857e1750bbbcd8b') in 0.002201 seconds
  Import took 0.004930 seconds .

========================================================================
Received Prepare
Registering precompiled user dll's ...
Registered in 0.001996 seconds.
Begin MonoManager ReloadAssembly
Native extension for WindowsStandalone target not found
Native extension for OSXStandalone target not found
Refreshing native plugins compatible for Editor in 0.45 ms, found 3 plugins.
Preloading 0 native plugins for Editor in 0.00 ms.
Mono: successfully reloaded assembly
- Completed reload, in  1.975 seconds
Platform modules already initialized, skipping
Refreshing native plugins compatible for Editor in 0.34 ms, found 3 plugins.
Preloading 0 native plugins for Editor in 0.00 ms.
Unloading 2089 Unused Serialized files (Serialized files now loaded: 0)
System memory in use before: 196.8 MB.
System memory in use after: 196.9 MB.

Unloading 17 unused Assets to reduce memory usage. Loaded Objects now: 2604.
Total: 1.441750 ms (FindLiveObjects: 0.115667 ms CreateObjectMapping: 0.040333 ms MarkObjects: 1.269375 ms  DeleteObjects: 0.015750 ms)

========================================================================
Received Prepare
Registering precompiled user dll's ...
Registered in 0.001132 seconds.
Begin MonoManager ReloadAssembly
Native extension for WindowsStandalone target not found
Native extension for OSXStandalone target not found
Refreshing native plugins compatible for Editor in 0.48 ms, found 3 plugins.
Preloading 0 native plugins for Editor in 0.00 ms.
Mono: successfully reloaded assembly
- Completed reload, in  2.012 seconds
Platform modules already initialized, skipping
Refreshing native plugins compatible for Editor in 0.34 ms, found 3 plugins.
Preloading 0 native plugins for Editor in 0.00 ms.
Unloading 2089 Unused Serialized files (Serialized files now loaded: 0)
System memory in use before: 197.0 MB.
System memory in use after: 197.1 MB.

Unloading 17 unused Assets to reduce memory usage. Loaded Objects now: 2607.
Total: 1.402292 ms (FindLiveObjects: 0.106417 ms CreateObjectMapping: 0.043125 ms MarkObjects: 1.238500 ms  DeleteObjects: 0.013708 ms)

========================================================================
Received Prepare
Registering precompiled user dll's ...
Registered in 0.001187 seconds.
Begin MonoManager ReloadAssembly
Native extension for WindowsStandalone target not found
Native extension for OSXStandalone target not found
Refreshing native plugins compatible for Editor in 0.44 ms, found 3 plugins.
Preloading 0 native plugins for Editor in 0.00 ms.
Mono: successfully reloaded assembly
- Completed reload, in  1.976 seconds
Platform modules already initialized, skipping
Refreshing native plugins compatible for Editor in 0.32 ms, found 3 plugins.
Preloading 0 native plugins for Editor in 0.00 ms.
Unloading 2089 Unused Serialized files (Serialized files now loaded: 0)
System memory in use before: 197.2 MB.
System memory in use after: 197.4 MB.

Unloading 17 unused Assets to reduce memory usage. Loaded Objects now: 2610.
Total: 1.377541 ms (FindLiveObjects: 0.106125 ms CreateObjectMapping: 0.038166 ms MarkObjects: 1.216042 ms  DeleteObjects: 0.016375 ms)

========================================================================
Received Prepare
Registering precompiled user dll's ...
Registered in 0.001167 seconds.
Begin MonoManager ReloadAssembly
Native extension for WindowsStandalone target not found
Native extension for OSXStandalone target not found
Refreshing native plugins compatible for Editor in 0.45 ms, found 3 plugins.
Preloading 0 native plugins for Editor in 0.00 ms.
Mono: successfully reloaded assembly
- Completed reload, in  2.002 seconds
Platform modules already initialized, skipping
Refreshing native plugins compatible for Editor in 0.29 ms, found 3 plugins.
Preloading 0 native plugins for Editor in 0.00 ms.
Unloading 2089 Unused Serialized files (Serialized files now loaded: 0)
System memory in use before: 197.4 MB.
System memory in use after: 197.6 MB.

Unloading 17 unused Assets to reduce memory usage. Loaded Objects now: 2613.
Total: 1.425500 ms (FindLiveObjects: 0.110625 ms CreateObjectMapping: 0.037667 ms MarkObjects: 1.263250 ms  DeleteObjects: 0.013333 ms)

========================================================================
Received Prepare
Registering precompiled user dll's ...
Registered in 0.001277 seconds.
Begin MonoManager ReloadAssembly
Native extension for WindowsStandalone target not found
Native extension for OSXStandalone target not found
Refreshing native plugins compatible for Editor in 0.44 ms, found 3 plugins.
Preloading 0 native plugins for Editor in 0.00 ms.
Mono: successfully reloaded assembly
- Completed reload, in  2.005 seconds
Platform modules already initialized, skipping
Refreshing native plugins compatible for Editor in 0.32 ms, found 3 plugins.
Preloading 0 native plugins for Editor in 0.00 ms.
Unloading 2089 Unused Serialized files (Serialized files now loaded: 0)
System memory in use before: 197.7 MB.
System memory in use after: 197.8 MB.

Unloading 17 unused Assets to reduce memory usage. Loaded Objects now: 2616.
Total: 1.387709 ms (FindLiveObjects: 0.108667 ms CreateObjectMapping: 0.038458 ms MarkObjects: 1.225958 ms  DeleteObjects: 0.014000 ms)

========================================================================
Received Prepare
Registering precompiled user dll's ...
Registered in 0.001372 seconds.
Begin MonoManager ReloadAssembly
Native extension for WindowsStandalone target not found
Native extension for OSXStandalone target not found
Refreshing native plugins compatible for Editor in 0.50 ms, found 3 plugins.
Preloading 0 native plugins for Editor in 0.00 ms.
Mono: successfully reloaded assembly
- Completed reload, in  2.247 seconds
Platform modules already initialized, skipping
Refreshing native plugins compatible for Editor in 0.52 ms, found 3 plugins.
Preloading 0 native plugins for Editor in 0.00 ms.
Unloading 2089 Unused Serialized files (Serialized files now loaded: 0)
System memory in use before: 197.9 MB.
System memory in use after: 198.0 MB.

Unloading 17 unused Assets to reduce memory usage. Loaded Objects now: 2619.
Total: 1.624125 ms (FindLiveObjects: 0.156625 ms CreateObjectMapping: 0.042042 ms MarkObjects: 1.403750 ms  DeleteObjects: 0.021083 ms)

========================================================================
Received Prepare
Registering precompiled user dll's ...
Registered in 0.003192 seconds.
Begin MonoManager ReloadAssembly
Native extension for WindowsStandalone target not found
Native extension for OSXStandalone target not found
Refreshing native plugins compatible for Editor in 0.48 ms, found 3 plugins.
Preloading 0 native plugins for Editor in 0.00 ms.
Mono: successfully reloaded assembly
- Completed reload, in  2.212 seconds
Platform modules already initialized, skipping
Refreshing native plugins compatible for Editor in 0.45 ms, found 3 plugins.
Preloading 0 native plugins for Editor in 0.00 ms.
Unloading 2089 Unused Serialized files (Serialized files now loaded: 0)
System memory in use before: 198.1 MB.
System memory in use after: 198.2 MB.

Unloading 17 unused Assets to reduce memory usage. Loaded Objects now: 2622.
Total: 1.462167 ms (FindLiveObjects: 0.123042 ms CreateObjectMapping: 0.040333 ms MarkObjects: 1.283917 ms  DeleteObjects: 0.014083 ms)

========================================================================
Received Prepare
Registering precompiled user dll's ...
Registered in 0.005117 seconds.
Begin MonoManager ReloadAssembly
Native extension for WindowsStandalone target not found
Native extension for OSXStandalone target not found
Refreshing native plugins compatible for Editor in 0.48 ms, found 3 plugins.
Preloading 0 native plugins for Editor in 0.00 ms.
Mono: successfully reloaded assembly
- Completed reload, in  2.095 seconds
Platform modules already initialized, skipping
Refreshing native plugins compatible for Editor in 0.42 ms, found 3 plugins.
Preloading 0 native plugins for Editor in 0.00 ms.
Unloading 2089 Unused Serialized files (Serialized files now loaded: 0)
System memory in use before: 198.3 MB.
System memory in use after: 198.4 MB.

Unloading 17 unused Assets to reduce memory usage. Loaded Objects now: 2625.
Total: 1.401333 ms (FindLiveObjects: 0.112000 ms CreateObjectMapping: 0.039416 ms MarkObjects: 1.236625 ms  DeleteObjects: 0.012667 ms)

========================================================================
Received Prepare
Registering precompiled user dll's ...
Registered in 0.002396 seconds.
Begin MonoManager ReloadAssembly
Native extension for WindowsStandalone target not found
Native extension for OSXStandalone target not found
Refreshing native plugins compatible for Editor in 0.49 ms, found 3 plugins.
Preloading 0 native plugins for Editor in 0.00 ms.
Mono: successfully reloaded assembly
- Completed reload, in  2.053 seconds
Platform modules already initialized, skipping
Refreshing native plugins compatible for Editor in 0.47 ms, found 3 plugins.
Preloading 0 native plugins for Editor in 0.00 ms.
Unloading 2089 Unused Serialized files (Serialized files now loaded: 0)
System memory in use before: 198.5 MB.
System memory in use after: 198.6 MB.

Unloading 17 unused Assets to reduce memory usage. Loaded Objects now: 2628.
Total: 1.532167 ms (FindLiveObjects: 0.142875 ms CreateObjectMapping: 0.042667 ms MarkObjects: 1.327709 ms  DeleteObjects: 0.017875 ms)

========================================================================
Received Prepare
Registering precompiled user dll's ...
Registered in 0.001206 seconds.
Begin MonoManager ReloadAssembly
Native extension for WindowsStandalone target not found
Native extension for OSXStandalone target not found
Refreshing native plugins compatible for Editor in 0.46 ms, found 3 plugins.
Preloading 0 native plugins for Editor in 0.00 ms.
Mono: successfully reloaded assembly
- Completed reload, in  2.069 seconds
Platform modules already initialized, skipping
Refreshing native plugins compatible for Editor in 0.42 ms, found 3 plugins.
Preloading 0 native plugins for Editor in 0.00 ms.
Unloading 2089 Unused Serialized files (Serialized files now loaded: 0)
System memory in use before: 198.7 MB.
System memory in use after: 198.8 MB.

Unloading 17 unused Assets to reduce memory usage. Loaded Objects now: 2631.
Total: 1.399916 ms (FindLiveObjects: 0.109959 ms CreateObjectMapping: 0.039416 ms MarkObjects: 1.234250 ms  DeleteObjects: 0.015500 ms)

